#-----------------------------------------------------------
# Vivado v2018.3 (64-bit)
# SW Build 2405991 on Thu Dec  6 23:38:27 MST 2018
# IP Build 2404404 on Fri Dec  7 01:43:56 MST 2018
# Start of session at: Sat Jan 25 16:45:40 2025
# Process ID: 10024
# Current directory: C:/Users/esv3sg/Downloads/tut5_copy/tut5_copy
# Command line: vivado.exe -gui_launcher_event rodinguilauncherevent13112 C:\Users\esv3sg\Downloads\tut5_copy\tut5_copy\tut5.xpr
# Log file: C:/Users/esv3sg/Downloads/tut5_copy/tut5_copy/vivado.log
# Journal file: C:/Users/esv3sg/Downloads/tut5_copy/tut5_copy\vivado.jou
#-----------------------------------------------------------
start_gui
open_project C:/Users/esv3sg/Downloads/tut5_copy/tut5_copy/tut5.xpr
INFO: [Project 1-313] Project file moved from 'C:/Users/jenni/tut5_copy' since last save.
Scanning sources...
Finished scanning sources
INFO: [IP_Flow 19-234] Refreshing IP repositories
INFO: [IP_Flow 19-1704] No user IP repositories specified
INFO: [IP_Flow 19-2313] Loaded Vivado IP repository 'C:/Xilinx/Vivado/2018.3/data/ip'.
open_project: Time (s): cpu = 00:00:25 ; elapsed = 00:00:45 . Memory (MB): peak = 1092.500 ; gain = 388.125
update_compile_order -fileset sources_1
reset_run synth_1
reset_run design_1_mig_7series_0_0_synth_1
launch_runs impl_1 -to_step write_bitstream -jobs 8
INFO: [IP_Flow 19-4993] Using cached IP synthesis design for IP design_1_mig_7series_0_0, cache-ID = b0f0416afd23146f; cache size = 86.833 MB.
[Sat Jan 25 16:47:22 2025] Launched design_1_mig_7series_0_0_synth_1, synth_1...
Run output will be captured here:
design_1_mig_7series_0_0_synth_1: C:/Users/esv3sg/Downloads/tut5_copy/tut5_copy/tut5.runs/design_1_mig_7series_0_0_synth_1/runme.log
synth_1: C:/Users/esv3sg/Downloads/tut5_copy/tut5_copy/tut5.runs/synth_1/runme.log
[Sat Jan 25 16:47:23 2025] Launched impl_1...
Run output will be captured here: C:/Users/esv3sg/Downloads/tut5_copy/tut5_copy/tut5.runs/impl_1/runme.log
launch_runs: Time (s): cpu = 00:00:07 ; elapsed = 00:00:08 . Memory (MB): peak = 1978.965 ; gain = 0.000
