17:40:42 INFO  : Registering command handlers for SDK TCF services
17:40:54 INFO  : Launching XSCT server: xsct.bat -interactive C:\Users\jenni\tut5\tut5.sdk\temp_xsdb_launch_script.tcl
17:40:58 INFO  : XSCT server has started successfully.
17:40:58 INFO  : Successfully done setting XSCT server connection channel  
17:40:59 INFO  : Successfully done setting SDK workspace  
17:40:59 INFO  : Processing command line option -hwspec C:/Users/jenni/tut5/tut5.sdk/design_1_wrapper.hdf.
17:47:33 INFO  : Refreshed build settings on project echo_server
15:29:01 INFO  : Registering command handlers for SDK TCF services
15:29:01 INFO  : Launching XSCT server: xsct.bat -interactive C:\Users\srini\Documents\tutorial5\tut5\tut5.sdk\temp_xsdb_launch_script.tcl
15:29:02 INFO  : XSCT server has started successfully.
15:29:02 INFO  : Successfully done setting XSCT server connection channel  
15:29:02 INFO  : Successfully done setting SDK workspace  
15:29:02 INFO  : Processing command line option -hwspec C:/Users/srini/Documents/tutorial5/tut5/tut5.sdk/design_1_wrapper.hdf.
15:41:45 INFO  : Registering command handlers for SDK TCF services
15:41:46 INFO  : Launching XSCT server: xsct.bat -interactive C:\Users\srini\Documents\tutorial5\tut5\tut5.sdk\temp_xsdb_launch_script.tcl
15:41:47 INFO  : XSCT server has started successfully.
15:41:47 INFO  : Successfully done setting XSCT server connection channel  
15:41:47 INFO  : Successfully done setting SDK workspace  
15:41:47 INFO  : Processing command line option -hwspec C:/Users/srini/Documents/tutorial5/tut5/tut5.sdk/design_1_wrapper.hdf.
15:41:47 INFO  : Checking for hwspec changes in the project design_1_wrapper_hw_platform_1.
15:42:54 INFO  : Registering command handlers for SDK TCF services
15:42:54 INFO  : Launching XSCT server: xsct.bat -interactive C:\Users\srini\Documents\tutorial5\tut5\tut5.sdk\temp_xsdb_launch_script.tcl
15:42:55 INFO  : XSCT server has started successfully.
15:42:55 INFO  : Successfully done setting XSCT server connection channel  
15:42:55 INFO  : Successfully done setting SDK workspace  
15:42:55 INFO  : Processing command line option -hwspec C:/Users/srini/Documents/tutorial5/tut5/tut5.sdk/design_1_wrapper.hdf.
15:42:55 INFO  : Checking for hwspec changes in the project design_1_wrapper_hw_platform_1.
15:44:23 INFO  : Registering command handlers for SDK TCF services
15:44:23 INFO  : Launching XSCT server: xsct.bat -interactive C:\Users\srini\Documents\tutorial5\tut5\tut5.sdk\temp_xsdb_launch_script.tcl
15:44:24 INFO  : XSCT server has started successfully.
15:44:24 INFO  : Successfully done setting XSCT server connection channel  
15:44:24 INFO  : Successfully done setting SDK workspace  
15:44:24 INFO  : Processing command line option -hwspec C:/Users/srini/Documents/tutorial5/tut5/tut5.sdk/design_1_wrapper.hdf.
15:44:24 INFO  : Checking for hwspec changes in the project design_1_wrapper_hw_platform_1.
15:45:24 INFO  : Registering command handlers for SDK TCF services
15:45:24 INFO  : Launching XSCT server: xsct.bat -interactive C:\Users\srini\Documents\tutorial5\tut5\tut5.sdk\temp_xsdb_launch_script.tcl
15:45:25 INFO  : XSCT server has started successfully.
15:45:25 INFO  : Successfully done setting XSCT server connection channel  
15:45:25 INFO  : Successfully done setting SDK workspace  
15:45:25 INFO  : Processing command line option -hwspec C:/Users/srini/Documents/tutorial5/tut5/tut5.sdk/design_1_wrapper.hdf.
15:45:25 INFO  : Checking for hwspec changes in the project design_1_wrapper_hw_platform_1.
15:46:40 INFO  : Registering command handlers for SDK TCF services
15:46:41 INFO  : Launching XSCT server: xsct.bat -interactive C:\Users\srini\Documents\tutorial5\tut5\tut5.sdk\temp_xsdb_launch_script.tcl
15:46:42 INFO  : XSCT server has started successfully.
15:46:42 INFO  : Successfully done setting XSCT server connection channel  
15:46:42 INFO  : Successfully done setting SDK workspace  
15:46:42 INFO  : Processing command line option -hwspec C:/Users/srini/Documents/tutorial5/tut5/tut5.sdk/design_1_wrapper.hdf.
15:46:42 INFO  : Checking for hwspec changes in the project design_1_wrapper_hw_platform_1.
15:47:53 INFO  : Connected to target on host '127.0.0.1' and port '3121'.
15:48:11 INFO  : ----------------XSDB Script----------------
connect -url tcp:127.0.0.1:3121
----------------End of Script----------------

15:49:17 INFO  : Connected to target on host '127.0.0.1' and port '3121'.
15:49:17 INFO  : Jtag cable 'Digilent Nexys Video 210276723574B' is selected.
15:49:17 INFO  : 'jtag frequency' command is executed.
15:49:17 INFO  : 'targets -set -filter {jtag_cable_name =~ "Digilent Nexys Video 210276723574B" && level==0} -index 0' command is executed.
15:49:22 INFO  : FPGA configured successfully with bitstream "C:/Users/srini/Documents/tutorial5/tut5/tut5.sdk/design_1_wrapper_hw_platform_0/design_1_wrapper.bit"
15:49:22 INFO  : 'configparams mdm-detect-bscan-mask 2' command is executed.
15:49:22 INFO  : ----------------XSDB Script----------------
connect -url tcp:127.0.0.1:3121
targets -set -filter {jtag_cable_name =~ "Digilent Nexys Video 210276723574B" && level==0} -index 0
fpga -file C:/Users/srini/Documents/tutorial5/tut5/tut5.sdk/design_1_wrapper_hw_platform_0/design_1_wrapper.bit
configparams mdm-detect-bscan-mask 2
----------------End of Script----------------

15:49:22 INFO  : Disconnected from the channel tcfchan#1.
15:56:17 INFO  : Connected to target on host '127.0.0.1' and port '3121'.
15:56:18 INFO  : Jtag cable 'Digilent Nexys Video 210276723574B' is selected.
15:56:18 INFO  : 'jtag frequency' command is executed.
15:56:18 INFO  : 'targets -set -filter {jtag_cable_name =~ "Digilent Nexys Video 210276723574B" && level==0} -index 0' command is executed.
15:56:23 INFO  : FPGA configured successfully with bitstream "C:/Users/srini/Documents/tutorial5/tut5/tut5.sdk/design_1_wrapper_hw_platform_0/design_1_wrapper.bit"
15:56:23 INFO  : 'configparams mdm-detect-bscan-mask 2' command is executed.
15:56:23 INFO  : ----------------XSDB Script----------------
connect -url tcp:127.0.0.1:3121
targets -set -filter {jtag_cable_name =~ "Digilent Nexys Video 210276723574B" && level==0} -index 0
fpga -file C:/Users/srini/Documents/tutorial5/tut5/tut5.sdk/design_1_wrapper_hw_platform_0/design_1_wrapper.bit
configparams mdm-detect-bscan-mask 2
----------------End of Script----------------

15:56:23 INFO  : Disconnected from the channel tcfchan#2.
16:07:19 INFO  : Registering command handlers for SDK TCF services
16:07:20 INFO  : Launching XSCT server: xsct.bat -interactive C:\Users\srini\Documents\tutorial5\tut5\tut5.sdk\temp_xsdb_launch_script.tcl
16:07:23 INFO  : XSCT server has started successfully.
16:07:29 INFO  : Successfully done setting XSCT server connection channel  
16:07:29 INFO  : Successfully done setting SDK workspace  
16:07:29 INFO  : Processing command line option -hwspec C:/Users/srini/Documents/tutorial5/tut5/tut5.sdk/design_1_wrapper.hdf.
16:07:29 INFO  : Checking for hwspec changes in the project design_1_wrapper_hw_platform_1.
16:07:33 INFO  : SDK has detected change in the last modified timestamps for source hardware specification file Source:1737839089201,  Project:1737836322164
16:07:33 INFO  : The hardware specification for project 'design_1_wrapper_hw_platform_1' is different from C:/Users/srini/Documents/tutorial5/tut5/tut5.sdk/design_1_wrapper.hdf.
16:07:33 INFO  : Copied contents of C:/Users/srini/Documents/tutorial5/tut5/tut5.sdk/design_1_wrapper.hdf into \design_1_wrapper_hw_platform_1\system.hdf.
16:07:33 INFO  : Synchronizing projects in the workspace with the hardware platform specification changes.
16:07:33 INFO  : Clearing existing target manager status.
16:07:33 INFO  : Workspace synchronized with the new hardware specification file. Cleaning dependent projects...
16:07:33 WARN  : Linker script will not be updated automatically. Users need to update it manually.
16:08:23 INFO  : Connected to target on host '127.0.0.1' and port '3121'.
16:08:23 INFO  : Jtag cable 'Digilent Nexys Video 210276723574B' is selected.
16:08:23 INFO  : 'jtag frequency' command is executed.
16:08:23 INFO  : 'targets -set -filter {jtag_cable_name =~ "Digilent Nexys Video 210276723574B" && level==0} -index 0' command is executed.
16:08:29 INFO  : FPGA configured successfully with bitstream "C:/Users/srini/Documents/tutorial5/tut5/tut5.sdk/design_1_wrapper_hw_platform_0/design_1_wrapper.bit"
16:08:29 INFO  : 'configparams mdm-detect-bscan-mask 2' command is executed.
16:08:29 INFO  : ----------------XSDB Script----------------
connect -url tcp:127.0.0.1:3121
targets -set -filter {jtag_cable_name =~ "Digilent Nexys Video 210276723574B" && level==0} -index 0
fpga -file C:/Users/srini/Documents/tutorial5/tut5/tut5.sdk/design_1_wrapper_hw_platform_0/design_1_wrapper.bit
configparams mdm-detect-bscan-mask 2
----------------End of Script----------------

16:08:29 INFO  : Disconnected from the channel tcfchan#1.
16:09:17 INFO  : Registering command handlers for SDK TCF services
16:09:17 INFO  : Launching XSCT server: xsct.bat -interactive C:\Users\srini\Documents\tutorial5\tut5\tut5.sdk\temp_xsdb_launch_script.tcl
16:09:18 INFO  : XSCT server has started successfully.
16:09:18 INFO  : Successfully done setting XSCT server connection channel  
16:09:18 INFO  : Successfully done setting SDK workspace  
16:09:18 INFO  : Processing command line option -hwspec C:/Users/srini/Documents/tutorial5/tut5/tut5.sdk/design_1_wrapper.hdf.
16:09:18 INFO  : Checking for hwspec changes in the project design_1_wrapper_hw_platform_1.
16:09:47 INFO  : Connected to target on host '127.0.0.1' and port '3121'.
16:09:47 INFO  : Jtag cable 'Digilent Nexys Video 210276723574B' is selected.
16:09:47 INFO  : 'jtag frequency' command is executed.
16:09:47 INFO  : 'targets -set -filter {jtag_cable_name =~ "Digilent Nexys Video 210276723574B" && level==0} -index 0' command is executed.
16:09:52 INFO  : FPGA configured successfully with bitstream "C:/Users/srini/Documents/tutorial5/tut5/tut5.sdk/design_1_wrapper_hw_platform_0/design_1_wrapper.bit"
16:09:53 INFO  : 'configparams mdm-detect-bscan-mask 2' command is executed.
16:09:53 INFO  : ----------------XSDB Script----------------
connect -url tcp:127.0.0.1:3121
targets -set -filter {jtag_cable_name =~ "Digilent Nexys Video 210276723574B" && level==0} -index 0
fpga -file C:/Users/srini/Documents/tutorial5/tut5/tut5.sdk/design_1_wrapper_hw_platform_0/design_1_wrapper.bit
configparams mdm-detect-bscan-mask 2
----------------End of Script----------------

16:09:53 INFO  : Disconnected from the channel tcfchan#1.
16:21:58 INFO  : Connected to target on host '127.0.0.1' and port '3121'.
16:21:58 INFO  : Jtag cable 'Digilent Nexys Video 210276723574B' is selected.
16:21:58 INFO  : 'jtag frequency' command is executed.
16:21:58 INFO  : 'targets -set -filter {jtag_cable_name =~ "Digilent Nexys Video 210276723574B" && level==0} -index 0' command is executed.
16:22:07 INFO  : FPGA configured successfully with bitstream "C:/Users/srini/Documents/tutorial5/tut5/tut5.sdk/design_1_wrapper_hw_platform_0/design_1_wrapper.bit"
16:22:07 INFO  : 'configparams mdm-detect-bscan-mask 2' command is executed.
16:22:07 INFO  : ----------------XSDB Script----------------
connect -url tcp:127.0.0.1:3121
targets -set -filter {jtag_cable_name =~ "Digilent Nexys Video 210276723574B" && level==0} -index 0
fpga -file C:/Users/srini/Documents/tutorial5/tut5/tut5.sdk/design_1_wrapper_hw_platform_0/design_1_wrapper.bit
configparams mdm-detect-bscan-mask 2
----------------End of Script----------------

16:22:07 INFO  : Disconnected from the channel tcfchan#2.
16:23:06 INFO  : Connected to target on host '127.0.0.1' and port '3121'.
16:23:06 INFO  : Jtag cable 'Digilent Nexys Video 210276723574B' is selected.
16:23:06 INFO  : 'jtag frequency' command is executed.
16:23:06 INFO  : 'targets -set -filter {jtag_cable_name =~ "Digilent Nexys Video 210276723574B" && level==0} -index 0' command is executed.
16:23:14 INFO  : FPGA configured successfully with bitstream "C:/Users/srini/Documents/tutorial5/tut5/tut5.sdk/design_1_wrapper_hw_platform_0/design_1_wrapper.bit"
16:23:14 INFO  : 'configparams mdm-detect-bscan-mask 2' command is executed.
16:23:14 INFO  : ----------------XSDB Script----------------
connect -url tcp:127.0.0.1:3121
targets -set -filter {jtag_cable_name =~ "Digilent Nexys Video 210276723574B" && level==0} -index 0
fpga -file C:/Users/srini/Documents/tutorial5/tut5/tut5.sdk/design_1_wrapper_hw_platform_0/design_1_wrapper.bit
configparams mdm-detect-bscan-mask 2
----------------End of Script----------------

16:23:14 INFO  : Disconnected from the channel tcfchan#3.
16:25:32 INFO  : Connected to target on host '127.0.0.1' and port '3121'.
16:25:32 INFO  : Jtag cable 'Digilent Nexys Video 210276723574B' is selected.
16:25:32 INFO  : 'jtag frequency' command is executed.
16:25:32 INFO  : 'targets -set -filter {jtag_cable_name =~ "Digilent Nexys Video 210276723574B" && level==0} -index 0' command is executed.
16:25:41 INFO  : FPGA configured successfully with bitstream "C:/Users/srini/Documents/tutorial5/tut5/tut5.sdk/design_1_wrapper_hw_platform_0/design_1_wrapper.bit"
16:25:41 INFO  : 'configparams mdm-detect-bscan-mask 2' command is executed.
16:25:41 INFO  : ----------------XSDB Script----------------
connect -url tcp:127.0.0.1:3121
targets -set -filter {jtag_cable_name =~ "Digilent Nexys Video 210276723574B" && level==0} -index 0
fpga -file C:/Users/srini/Documents/tutorial5/tut5/tut5.sdk/design_1_wrapper_hw_platform_0/design_1_wrapper.bit
configparams mdm-detect-bscan-mask 2
----------------End of Script----------------

16:25:41 INFO  : Disconnected from the channel tcfchan#4.
16:30:08 INFO  : Connected to target on host '127.0.0.1' and port '3121'.
16:30:08 INFO  : Jtag cable 'Digilent Nexys Video 210276723574B' is selected.
16:30:08 INFO  : 'jtag frequency' command is executed.
16:30:08 INFO  : 'targets -set -filter {jtag_cable_name =~ "Digilent Nexys Video 210276723574B" && level==0} -index 0' command is executed.
16:30:16 INFO  : FPGA configured successfully with bitstream "C:/Users/srini/Documents/tutorial5/tut5/tut5.sdk/design_1_wrapper_hw_platform_0/design_1_wrapper.bit"
16:30:16 INFO  : 'configparams mdm-detect-bscan-mask 2' command is executed.
16:30:16 INFO  : ----------------XSDB Script----------------
connect -url tcp:127.0.0.1:3121
targets -set -filter {jtag_cable_name =~ "Digilent Nexys Video 210276723574B" && level==0} -index 0
fpga -file C:/Users/srini/Documents/tutorial5/tut5/tut5.sdk/design_1_wrapper_hw_platform_0/design_1_wrapper.bit
configparams mdm-detect-bscan-mask 2
----------------End of Script----------------

16:30:16 INFO  : Disconnected from the channel tcfchan#5.
16:30:42 INFO  : Registering command handlers for SDK TCF services
16:30:42 INFO  : Launching XSCT server: xsct.bat -interactive C:\Users\srini\Documents\tutorial5\tut5\tut5.sdk\temp_xsdb_launch_script.tcl
16:30:43 INFO  : XSCT server has started successfully.
16:30:43 INFO  : Successfully done setting XSCT server connection channel  
16:30:43 INFO  : Successfully done setting SDK workspace  
16:30:43 INFO  : Processing command line option -hwspec C:/Users/srini/Documents/tutorial5/tut5/tut5.sdk/design_1_wrapper.hdf.
16:30:43 INFO  : Checking for hwspec changes in the project design_1_wrapper_hw_platform_1.
16:31:10 INFO  : Connected to target on host '127.0.0.1' and port '3121'.
16:31:10 INFO  : Jtag cable 'Digilent Nexys Video 210276723574B' is selected.
16:31:10 INFO  : 'jtag frequency' command is executed.
16:31:10 INFO  : 'targets -set -filter {jtag_cable_name =~ "Digilent Nexys Video 210276723574B" && level==0} -index 0' command is executed.
16:31:18 INFO  : FPGA configured successfully with bitstream "C:/Users/srini/Documents/tutorial5/tut5/tut5.sdk/design_1_wrapper_hw_platform_0/design_1_wrapper.bit"
16:31:18 INFO  : 'configparams mdm-detect-bscan-mask 2' command is executed.
16:31:18 INFO  : ----------------XSDB Script----------------
connect -url tcp:127.0.0.1:3121
targets -set -filter {jtag_cable_name =~ "Digilent Nexys Video 210276723574B" && level==0} -index 0
fpga -file C:/Users/srini/Documents/tutorial5/tut5/tut5.sdk/design_1_wrapper_hw_platform_0/design_1_wrapper.bit
configparams mdm-detect-bscan-mask 2
----------------End of Script----------------

16:31:18 INFO  : Disconnected from the channel tcfchan#1.
16:31:35 INFO  : Registering command handlers for SDK TCF services
16:31:35 INFO  : Launching XSCT server: xsct.bat -interactive C:\Users\srini\Documents\tutorial5\tut5\tut5.sdk\temp_xsdb_launch_script.tcl
16:31:36 INFO  : XSCT server has started successfully.
16:31:37 INFO  : Successfully done setting XSCT server connection channel  
16:31:37 INFO  : Successfully done setting SDK workspace  
16:31:37 INFO  : Processing command line option -hwspec C:/Users/srini/Documents/tutorial5/tut5/tut5.sdk/design_1_wrapper.hdf.
16:31:37 INFO  : Checking for hwspec changes in the project design_1_wrapper_hw_platform_1.
16:31:58 INFO  : 'targets -set -filter {jtag_cable_name =~ "Digilent Nexys Video 210276723574B" && level==0} -index 0' command is executed.
16:31:58 INFO  : 'fpga -state' command is executed.
16:31:58 INFO  : Connected to target on host '127.0.0.1' and port '3121'.
16:31:58 INFO  : Jtag cable 'Digilent Nexys Video 210276723574B' is selected.
16:31:58 INFO  : 'jtag frequency' command is executed.
16:31:58 INFO  : 'configparams mdm-detect-bscan-mask 2' command is executed.
16:31:58 INFO  : Context for processor 'microblaze_0' is selected.
16:31:58 INFO  : Processor reset is completed for 'microblaze_0'.
16:31:58 INFO  : Context for processor 'microblaze_0' is selected.
16:32:00 INFO  : The application 'C:/Users/srini/Documents/tutorial5/tut5/tut5.sdk/echo_server/Debug/echo_server.elf' is downloaded to processor 'microblaze_0'.
16:32:00 INFO  : ----------------XSDB Script----------------
connect -url tcp:127.0.0.1:3121
configparams mdm-detect-bscan-mask 2
targets -set -nocase -filter {name =~ "microblaze*#0" && bscan=="USER2"  && jtag_cable_name =~ "Digilent Nexys Video 210276723574B"} -index 0
rst -processor
targets -set -nocase -filter {name =~ "microblaze*#0" && bscan=="USER2"  && jtag_cable_name =~ "Digilent Nexys Video 210276723574B"} -index 0
dow C:/Users/srini/Documents/tutorial5/tut5/tut5.sdk/echo_server/Debug/echo_server.elf
----------------End of Script----------------

16:32:00 INFO  : Context for processor 'microblaze_0' is selected.
16:32:00 INFO  : 'con' command is executed.
16:32:00 INFO  : ----------------XSDB Script (After Launch)----------------
targets -set -nocase -filter {name =~ "microblaze*#0" && bscan=="USER2"  && jtag_cable_name =~ "Digilent Nexys Video 210276723574B"} -index 0
con
----------------End of Script----------------

16:32:00 INFO  : Disconnected from the channel tcfchan#1.
16:32:21 INFO  : 'targets -set -filter {jtag_cable_name =~ "Digilent Nexys Video 210276723574B" && level==0} -index 0' command is executed.
16:32:21 INFO  : 'fpga -state' command is executed.
16:32:21 INFO  : Connected to target on host '127.0.0.1' and port '3121'.
16:32:21 INFO  : Jtag cable 'Digilent Nexys Video 210276723574B' is selected.
16:32:21 INFO  : 'jtag frequency' command is executed.
16:32:21 INFO  : 'configparams mdm-detect-bscan-mask 2' command is executed.
16:32:21 INFO  : Context for processor 'microblaze_0' is selected.
16:32:21 INFO  : Processor reset is completed for 'microblaze_0'.
16:32:21 INFO  : Context for processor 'microblaze_0' is selected.
16:32:22 INFO  : The application 'C:/Users/srini/Documents/tutorial5/tut5/tut5.sdk/echo_server/Debug/echo_server.elf' is downloaded to processor 'microblaze_0'.
16:32:22 INFO  : ----------------XSDB Script----------------
connect -url tcp:127.0.0.1:3121
configparams mdm-detect-bscan-mask 2
targets -set -nocase -filter {name =~ "microblaze*#0" && bscan=="USER2"  && jtag_cable_name =~ "Digilent Nexys Video 210276723574B"} -index 0
rst -processor
targets -set -nocase -filter {name =~ "microblaze*#0" && bscan=="USER2"  && jtag_cable_name =~ "Digilent Nexys Video 210276723574B"} -index 0
dow C:/Users/srini/Documents/tutorial5/tut5/tut5.sdk/echo_server/Debug/echo_server.elf
----------------End of Script----------------

16:32:22 INFO  : Context for processor 'microblaze_0' is selected.
16:32:22 INFO  : 'con' command is executed.
16:32:22 INFO  : ----------------XSDB Script (After Launch)----------------
targets -set -nocase -filter {name =~ "microblaze*#0" && bscan=="USER2"  && jtag_cable_name =~ "Digilent Nexys Video 210276723574B"} -index 0
con
----------------End of Script----------------

16:32:22 INFO  : Disconnected from the channel tcfchan#2.
16:34:20 INFO  : 'targets -set -filter {jtag_cable_name =~ "Digilent Nexys Video 210276723574B" && level==0} -index 0' command is executed.
16:34:20 INFO  : 'fpga -state' command is executed.
16:34:20 INFO  : Connected to target on host '127.0.0.1' and port '3121'.
16:34:20 INFO  : Jtag cable 'Digilent Nexys Video 210276723574B' is selected.
16:34:20 INFO  : 'jtag frequency' command is executed.
16:34:20 INFO  : 'configparams mdm-detect-bscan-mask 2' command is executed.
16:34:20 INFO  : Context for processor 'microblaze_0' is selected.
16:34:20 INFO  : Processor reset is completed for 'microblaze_0'.
16:34:20 INFO  : Context for processor 'microblaze_0' is selected.
16:34:22 INFO  : The application 'C:/Users/srini/Documents/tutorial5/tut5/tut5.sdk/echo_server/Debug/echo_server.elf' is downloaded to processor 'microblaze_0'.
16:34:22 INFO  : ----------------XSDB Script----------------
connect -url tcp:127.0.0.1:3121
configparams mdm-detect-bscan-mask 2
targets -set -nocase -filter {name =~ "microblaze*#0" && bscan=="USER2"  && jtag_cable_name =~ "Digilent Nexys Video 210276723574B"} -index 0
rst -processor
targets -set -nocase -filter {name =~ "microblaze*#0" && bscan=="USER2"  && jtag_cable_name =~ "Digilent Nexys Video 210276723574B"} -index 0
dow C:/Users/srini/Documents/tutorial5/tut5/tut5.sdk/echo_server/Debug/echo_server.elf
----------------End of Script----------------

16:34:22 INFO  : Context for processor 'microblaze_0' is selected.
16:34:22 INFO  : 'con' command is executed.
16:34:22 INFO  : ----------------XSDB Script (After Launch)----------------
targets -set -nocase -filter {name =~ "microblaze*#0" && bscan=="USER2"  && jtag_cable_name =~ "Digilent Nexys Video 210276723574B"} -index 0
con
----------------End of Script----------------

16:34:22 INFO  : Disconnected from the channel tcfchan#3.
18:29:33 INFO  : Registering command handlers for SDK TCF services
18:29:33 INFO  : Launching XSCT server: xsct.bat -interactive C:\Users\srini\Documents\ECE552\ECE532\tutorial5\tut5\tut5.sdk\temp_xsdb_launch_script.tcl
18:29:35 INFO  : XSCT server has started successfully.
18:29:35 INFO  : Successfully done setting XSCT server connection channel  
18:29:35 INFO  : Successfully done setting SDK workspace  
18:29:35 INFO  : Processing command line option -hwspec C:/Users/srini/Documents/ECE552/ECE532/tutorial5/tut5/tut5.sdk/design_1_wrapper.hdf.
18:30:07 INFO  : Connected to target on host '127.0.0.1' and port '3121'.
18:30:07 INFO  : Jtag cable 'Digilent Nexys Video 210276723574B' is selected.
18:30:07 INFO  : 'jtag frequency' command is executed.
18:30:08 INFO  : 'targets -set -filter {jtag_cable_name =~ "Digilent Nexys Video 210276723574B" && level==0} -index 0' command is executed.
18:30:13 INFO  : FPGA configured successfully with bitstream "C:/Users/srini/Documents/ECE552/ECE532/tutorial5/tut5/tut5.sdk/design_1_wrapper_hw_platform_0/design_1_wrapper.bit"
18:30:13 INFO  : 'configparams mdm-detect-bscan-mask 2' command is executed.
18:30:13 INFO  : ----------------XSDB Script----------------
connect -url tcp:127.0.0.1:3121
targets -set -filter {jtag_cable_name =~ "Digilent Nexys Video 210276723574B" && level==0} -index 0
fpga -file C:/Users/srini/Documents/ECE552/ECE532/tutorial5/tut5/tut5.sdk/design_1_wrapper_hw_platform_0/design_1_wrapper.bit
configparams mdm-detect-bscan-mask 2
----------------End of Script----------------

18:30:13 INFO  : Disconnected from the channel tcfchan#1.
18:32:15 INFO  : Connected to target on host '127.0.0.1' and port '3121'.
18:32:15 INFO  : Jtag cable 'Digilent Nexys Video 210276723574B' is selected.
18:32:15 INFO  : 'jtag frequency' command is executed.
18:32:15 INFO  : 'targets -set -filter {jtag_cable_name =~ "Digilent Nexys Video 210276723574B" && level==0} -index 0' command is executed.
18:32:21 INFO  : FPGA configured successfully with bitstream "C:/Users/srini/Documents/ECE552/ECE532/tutorial5/tut5/tut5.sdk/design_1_wrapper_hw_platform_0/design_1_wrapper.bit"
18:32:21 INFO  : 'configparams mdm-detect-bscan-mask 2' command is executed.
18:32:21 INFO  : ----------------XSDB Script----------------
connect -url tcp:127.0.0.1:3121
targets -set -filter {jtag_cable_name =~ "Digilent Nexys Video 210276723574B" && level==0} -index 0
fpga -file C:/Users/srini/Documents/ECE552/ECE532/tutorial5/tut5/tut5.sdk/design_1_wrapper_hw_platform_0/design_1_wrapper.bit
configparams mdm-detect-bscan-mask 2
----------------End of Script----------------

18:33:18 INFO  : Launching XSCT server: xsct.bat -interactive C:\Users\srini\Documents\ECE552\ECE532\tutorial5\tut5\tut5.sdk\temp_xsdb_launch_script.tcl
18:33:20 INFO  : XSCT server has started successfully.
18:33:21 INFO  : Successfully done setting XSCT server connection channel  
18:33:21 INFO  : Successfully done setting SDK workspace  
18:33:27 INFO  : Registering command handlers for SDK TCF services
18:33:27 INFO  : Processing command line option -hwspec C:/Users/srini/Documents/ECE552/ECE532/tutorial5/tut5/tut5.sdk/design_1_wrapper.hdf.
18:33:29 INFO  : Checking for hwspec changes in the project design_1_wrapper_hw_platform_2.
18:34:34 INFO  : Connected to target on host '127.0.0.1' and port '3121'.
18:34:34 INFO  : Jtag cable 'Digilent Nexys Video 210276723574B' is selected.
18:34:34 INFO  : 'jtag frequency' command is executed.
18:34:34 INFO  : 'targets -set -filter {jtag_cable_name =~ "Digilent Nexys Video 210276723574B" && level==0} -index 0' command is executed.
18:34:40 INFO  : FPGA configured successfully with bitstream "C:/Users/srini/Documents/ECE552/ECE532/tutorial5/tut5/tut5.runs/impl_2/design_1_wrapper.bit"
18:34:40 INFO  : 'configparams mdm-detect-bscan-mask 2' command is executed.
18:34:40 INFO  : ----------------XSDB Script----------------
connect -url tcp:127.0.0.1:3121
targets -set -filter {jtag_cable_name =~ "Digilent Nexys Video 210276723574B" && level==0} -index 0
fpga -file C:/Users/srini/Documents/ECE552/ECE532/tutorial5/tut5/tut5.runs/impl_2/design_1_wrapper.bit
configparams mdm-detect-bscan-mask 2
----------------End of Script----------------

18:34:40 INFO  : Disconnected from the channel tcfchan#1.
18:35:40 INFO  : Connected to target on host '127.0.0.1' and port '3121'.
18:35:40 INFO  : Jtag cable 'Digilent Nexys Video 210276723574B' is selected.
18:35:40 INFO  : 'jtag frequency' command is executed.
18:35:40 INFO  : 'targets -set -filter {jtag_cable_name =~ "Digilent Nexys Video 210276723574B" && level==0} -index 0' command is executed.
18:35:46 INFO  : FPGA configured successfully with bitstream "C:/Users/srini/Documents/ECE552/ECE532/tutorial5/tut5/tut5.runs/impl_2/design_1_wrapper.bit"
18:35:46 INFO  : 'configparams mdm-detect-bscan-mask 2' command is executed.
18:35:46 INFO  : ----------------XSDB Script----------------
connect -url tcp:127.0.0.1:3121
targets -set -filter {jtag_cable_name =~ "Digilent Nexys Video 210276723574B" && level==0} -index 0
fpga -file C:/Users/srini/Documents/ECE552/ECE532/tutorial5/tut5/tut5.runs/impl_2/design_1_wrapper.bit
configparams mdm-detect-bscan-mask 2
----------------End of Script----------------

18:35:46 INFO  : Disconnected from the channel tcfchan#2.
18:37:35 INFO  : Connected to target on host '127.0.0.1' and port '3121'.
18:37:35 INFO  : Jtag cable 'Digilent Nexys Video 210276723574B' is selected.
18:37:35 INFO  : 'jtag frequency' command is executed.
18:37:35 INFO  : 'targets -set -filter {jtag_cable_name =~ "Digilent Nexys Video 210276723574B" && level==0} -index 0' command is executed.
18:37:41 INFO  : FPGA configured successfully with bitstream "C:/Users/srini/Documents/ECE552/ECE532/tutorial5/tut5/tut5.runs/impl_2/design_1_wrapper.bit"
18:37:41 INFO  : 'configparams mdm-detect-bscan-mask 2' command is executed.
18:37:41 INFO  : ----------------XSDB Script----------------
connect -url tcp:127.0.0.1:3121
targets -set -filter {jtag_cable_name =~ "Digilent Nexys Video 210276723574B" && level==0} -index 0
fpga -file C:/Users/srini/Documents/ECE552/ECE532/tutorial5/tut5/tut5.runs/impl_2/design_1_wrapper.bit
configparams mdm-detect-bscan-mask 2
----------------End of Script----------------

18:37:41 INFO  : Disconnected from the channel tcfchan#3.
