Vivado Simulator 2018.3
Time resolution is 1 fs
Block Memory Generator module design_1_wrapper.design_1_i.axi_ethernet_0.inst.eth_buf.U0.RCV_INTFCE_I.RX_DP_MEM_IF_I.I_RXD_MEM.blk_gen_mem.family_supported.I_TRUE_DUAL_PORT_BLK_MEM_GEN.native_mem_module.blk_mem_gen_v8_4_2_inst is using a behavioral model for simulation which will not precisely model memory collision behavior.
Block Memory Generator module design_1_wrapper.design_1_i.axi_ethernet_0.inst.eth_buf.U0.RCV_INTFCE_I.RX_DP_MEM_IF_I.I_RXS_MEM.blk_gen_mem.family_supported.I_TRUE_DUAL_PORT_BLK_MEM_GEN.native_mem_module.blk_mem_gen_v8_4_2_inst is using a behavioral model for simulation which will not precisely model memory collision behavior.
Block Memory Generator module design_1_wrapper.design_1_i.axi_ethernet_0.inst.eth_buf.U0.TX_INTFCE_I.TX_MEM_INTERFACE.TXD_MEM.blk_gen_mem.family_supported.I_TRUE_DUAL_PORT_BLK_MEM_GEN.native_mem_module.blk_mem_gen_v8_4_2_inst is using a behavioral model for simulation which will not precisely model memory collision behavior.
 Block Memory Generator module loading initial data...
 Block Memory Generator data initialization complete.
Block Memory Generator module design_1_wrapper.design_1_i.axi_ethernet_0.inst.eth_buf.U0.TX_INTFCE_I.TX_MEM_INTERFACE.TXC_MEM.blk_gen_mem.family_supported.I_TRUE_DUAL_PORT_BLK_MEM_GEN.native_mem_module.blk_mem_gen_v8_4_2_inst is using a behavioral model for simulation which will not precisely model memory collision behavior.
Block Memory Generator module design_1_wrapper.design_1_i.microblaze_0_local_memory.lmb_bram.inst.native_mem_mapped_module.blk_mem_gen_v8_4_2_inst is using a behavioral model for simulation which will not precisely model memory collision behavior.
WARNING: file design.txt could not be opened
 *** Warning: The analog data file design.txt for XADC instance design_1_wrapper.design_1_i.mig_7series_0.u_design_1_mig_7series_0_0_mig.temp_mon_enabled.u_tempmon.xadc_supplied_temperature.XADC_inst was not found. Use the SIM_MONITOR_FILE parameter to specify the analog data file name or use the default name: design.txt.

############# Write Clocks PLLE2_ADV Parameters #############

nCK_PER_CLK      =       4
CLK_PERIOD       =    5000
CLKIN1_PERIOD    =   5.000
DIVCLK_DIVIDE    =       1
CLKFBOUT_MULT    =       4
VCO_PERIOD       =  1250.0
CLKOUT0_DIVIDE_F =       1
CLKOUT1_DIVIDE   =       2
CLKOUT2_DIVIDE   =      32
CLKOUT3_DIVIDE   =       8
CLKOUT0_PERIOD   =    1250
CLKOUT1_PERIOD   =    2500
CLKOUT2_PERIOD   =   40000
CLKOUT3_PERIOD   =   10000
CLKOUT4_PERIOD   =    5000
############################################################

############# MMCME2_ADV Parameters #############

MMCM_MULT_F           =           8
MMCM_VCO_FREQ (MHz)   = 800.000
MMCM_VCO_PERIOD       = 1250.000
#################################################

design_1_wrapper.design_1_i.mig_7series_0.u_design_1_mig_7series_0_0_mig.u_memc_ui_top_axi.mem_intfc0.ddr_phy_top0.u_ddr_mc_phy_wrapper.u_ddr_mc_phy : BYTE_LANES_B0 = f BYTE_LANES_B1 = 0 DATA_CTL_B0 = c DATA_CTL_B1 = 0
design_1_wrapper.design_1_i.mig_7series_0.u_design_1_mig_7series_0_0_mig.u_memc_ui_top_axi.mem_intfc0.ddr_phy_top0.u_ddr_mc_phy_wrapper.u_ddr_mc_phy : HIGHEST_LANE =           4 HIGHEST_LANE_B0 =           4 HIGHEST_LANE_B1 =           0
design_1_wrapper.design_1_i.mig_7series_0.u_design_1_mig_7series_0_0_mig.u_memc_ui_top_axi.mem_intfc0.ddr_phy_top0.u_ddr_mc_phy_wrapper.u_ddr_mc_phy : HIGHEST_BANK =           1
design_1_wrapper.design_1_i.mig_7series_0.u_design_1_mig_7series_0_0_mig.u_memc_ui_top_axi.mem_intfc0.ddr_phy_top0.u_ddr_mc_phy_wrapper.u_ddr_mc_phy : FREQ_REF_PERIOD         = 1250.00 
design_1_wrapper.design_1_i.mig_7series_0.u_design_1_mig_7series_0_0_mig.u_memc_ui_top_axi.mem_intfc0.ddr_phy_top0.u_ddr_mc_phy_wrapper.u_ddr_mc_phy : DDR_TCK                 = 2500 
design_1_wrapper.design_1_i.mig_7series_0.u_design_1_mig_7series_0_0_mig.u_memc_ui_top_axi.mem_intfc0.ddr_phy_top0.u_ddr_mc_phy_wrapper.u_ddr_mc_phy : PO_S2_TAPS_SIZE         = 9.77 
design_1_wrapper.design_1_i.mig_7series_0.u_design_1_mig_7series_0_0_mig.u_memc_ui_top_axi.mem_intfc0.ddr_phy_top0.u_ddr_mc_phy_wrapper.u_ddr_mc_phy : PO_CIRC_BUF_EARLY       = 1 
design_1_wrapper.design_1_i.mig_7series_0.u_design_1_mig_7series_0_0_mig.u_memc_ui_top_axi.mem_intfc0.ddr_phy_top0.u_ddr_mc_phy_wrapper.u_ddr_mc_phy : PO_CIRC_BUF_OFFSET      = 1219.75 
design_1_wrapper.design_1_i.mig_7series_0.u_design_1_mig_7series_0_0_mig.u_memc_ui_top_axi.mem_intfc0.ddr_phy_top0.u_ddr_mc_phy_wrapper.u_ddr_mc_phy : PO_CIRC_BUF_META_ZONE   = 200.00 
design_1_wrapper.design_1_i.mig_7series_0.u_design_1_mig_7series_0_0_mig.u_memc_ui_top_axi.mem_intfc0.ddr_phy_top0.u_ddr_mc_phy_wrapper.u_ddr_mc_phy : PO_STG2_FINE_INTR_DLY   = 769.25 
design_1_wrapper.design_1_i.mig_7series_0.u_design_1_mig_7series_0_0_mig.u_memc_ui_top_axi.mem_intfc0.ddr_phy_top0.u_ddr_mc_phy_wrapper.u_ddr_mc_phy : PO_STG2_COARSE_INTR_DLY = 511.00 
design_1_wrapper.design_1_i.mig_7series_0.u_design_1_mig_7series_0_0_mig.u_memc_ui_top_axi.mem_intfc0.ddr_phy_top0.u_ddr_mc_phy_wrapper.u_ddr_mc_phy : PO_STG2_INTRINSIC_DELAY = 1280.25 
design_1_wrapper.design_1_i.mig_7series_0.u_design_1_mig_7series_0_0_mig.u_memc_ui_top_axi.mem_intfc0.ddr_phy_top0.u_ddr_mc_phy_wrapper.u_ddr_mc_phy : PO_CIRC_BUF_DELAY       = 60 
design_1_wrapper.design_1_i.mig_7series_0.u_design_1_mig_7series_0_0_mig.u_memc_ui_top_axi.mem_intfc0.ddr_phy_top0.u_ddr_mc_phy_wrapper.u_ddr_mc_phy : PO_INTRINSIC_DELAY      = 1280.25 
design_1_wrapper.design_1_i.mig_7series_0.u_design_1_mig_7series_0_0_mig.u_memc_ui_top_axi.mem_intfc0.ddr_phy_top0.u_ddr_mc_phy_wrapper.u_ddr_mc_phy : PO_DELAY                = 1866.19 
design_1_wrapper.design_1_i.mig_7series_0.u_design_1_mig_7series_0_0_mig.u_memc_ui_top_axi.mem_intfc0.ddr_phy_top0.u_ddr_mc_phy_wrapper.u_ddr_mc_phy : PO_OCLK_DELAY           = 0 
design_1_wrapper.design_1_i.mig_7series_0.u_design_1_mig_7series_0_0_mig.u_memc_ui_top_axi.mem_intfc0.ddr_phy_top0.u_ddr_mc_phy_wrapper.u_ddr_mc_phy : L_PHY_0_PO_FINE_DELAY   = 60 
design_1_wrapper.design_1_i.mig_7series_0.u_design_1_mig_7series_0_0_mig.u_memc_ui_top_axi.mem_intfc0.ddr_phy_top0.u_ddr_mc_phy_wrapper.u_ddr_mc_phy : PI_STG1_INTRINSIC_DELAY = 0.00 
design_1_wrapper.design_1_i.mig_7series_0.u_design_1_mig_7series_0_0_mig.u_memc_ui_top_axi.mem_intfc0.ddr_phy_top0.u_ddr_mc_phy_wrapper.u_ddr_mc_phy : PI_STG2_INTRINSIC_DELAY = 744.00 
design_1_wrapper.design_1_i.mig_7series_0.u_design_1_mig_7series_0_0_mig.u_memc_ui_top_axi.mem_intfc0.ddr_phy_top0.u_ddr_mc_phy_wrapper.u_ddr_mc_phy : PI_INTRINSIC_DELAY      = 744.00 
design_1_wrapper.design_1_i.mig_7series_0.u_design_1_mig_7series_0_0_mig.u_memc_ui_top_axi.mem_intfc0.ddr_phy_top0.u_ddr_mc_phy_wrapper.u_ddr_mc_phy : PI_MAX_STG2_DELAY       = 615.23 
design_1_wrapper.design_1_i.mig_7series_0.u_design_1_mig_7series_0_0_mig.u_memc_ui_top_axi.mem_intfc0.ddr_phy_top0.u_ddr_mc_phy_wrapper.u_ddr_mc_phy : PI_OFFSET               = -78.00 
design_1_wrapper.design_1_i.mig_7series_0.u_design_1_mig_7series_0_0_mig.u_memc_ui_top_axi.mem_intfc0.ddr_phy_top0.u_ddr_mc_phy_wrapper.u_ddr_mc_phy : a negative PI_OFFSET means that rclk path is longer than oclk path so rclk will be delayed to next oclk edge and the negedge of rclk may be used.
design_1_wrapper.design_1_i.mig_7series_0.u_design_1_mig_7series_0_0_mig.u_memc_ui_top_axi.mem_intfc0.ddr_phy_top0.u_ddr_mc_phy_wrapper.u_ddr_mc_phy : PI_STG2_DELAY           = 615.23 
design_1_wrapper.design_1_i.mig_7series_0.u_design_1_mig_7series_0_0_mig.u_memc_ui_top_axi.mem_intfc0.ddr_phy_top0.u_ddr_mc_phy_wrapper.u_ddr_mc_phy :PI_STG2_DELAY_CAND       = 1172.00 
design_1_wrapper.design_1_i.mig_7series_0.u_design_1_mig_7series_0_0_mig.u_memc_ui_top_axi.mem_intfc0.ddr_phy_top0.u_ddr_mc_phy_wrapper.u_ddr_mc_phy : DEFAULT_RCLK_DELAY      = 63 
design_1_wrapper.design_1_i.mig_7series_0.u_design_1_mig_7series_0_0_mig.u_memc_ui_top_axi.mem_intfc0.ddr_phy_top0.u_ddr_mc_phy_wrapper.u_ddr_mc_phy : RCLK_SELECT_EDGE        = 0 
WARNING: design_1_wrapper.design_1_i.mig_7series_0.u_design_1_mig_7series_0_0_mig.u_memc_ui_top_axi.mem_intfc0.ddr_phy_top0.u_ddr_mc_phy_wrapper.u_ddr_mc_phy: The required delay though the phaser_in to internally match the aux_out clock  to ddr clock exceeds the maximum allowable delay. The clock edge  will occur at the output registers of aux_out 556.77 ps before the ddr clock  edge. If aux_out is used for memory inputs, this may violate setup or hold time.
Info: [XPM_MEMORY 20-1] MEMORY_PRIMITIVE (0) instructs Vivado Synthesis to choose the memory primitive type. Depending on their values, other XPM_MEMORY parameters may preclude the choice of certain memory primitive types. Review XPM_MEMORY documentation and parameter values to understand any limitations, or set MEMORY_PRIMITIVE to a different value. design_1_wrapper.design_1_i.axi_ethernet_0_dma.U0.gen_sg_engine.I_SG_ENGINE.I_SG_FETCH_QUEUE.gen_queue.FTCH_QUEUE_I.gen_mm2s.control_stream.I_MM2S_CNTRL_STREAM.gen_sync_fifo.I_CNTRL_FIFO.xpm_fifo_instance.xpm_fifo_sync_inst.xpm_fifo_base_inst.gen_sdpram.xpm_memory_base_inst.config_drc
Time: 1 ps  Iteration: 0  Process: /design_1_wrapper/design_1_i/axi_ethernet_0_dma/U0/gen_sg_engine/I_SG_ENGINE/I_SG_FETCH_QUEUE/gen_queue/FTCH_QUEUE_I/gen_mm2s/control_stream/I_MM2S_CNTRL_STREAM/gen_sync_fifo/I_CNTRL_FIFO/xpm_fifo_instance/xpm_fifo_sync_inst/xpm_fifo_base_inst/gen_sdpram.xpm_memory_base_inst/Initial285_1118  File: /wrk/2018.3/nightly/2018_12_06_2405991/packages/customer/vivado/data/ip/xpm/xpm_memory/hdl/xpm_memory.sv
