17:40:42 INFO  : Registering command handlers for SDK TCF services
17:40:54 INFO  : Launching XSCT server: xsct.bat -interactive C:\Users\jenni\tut5\tut5.sdk\temp_xsdb_launch_script.tcl
17:40:58 INFO  : XSCT server has started successfully.
17:40:58 INFO  : Successfully done setting XSCT server connection channel  
17:40:59 INFO  : Successfully done setting SDK workspace  
17:40:59 INFO  : Processing command line option -hwspec C:/Users/jenni/tut5/tut5.sdk/design_1_wrapper.hdf.
17:47:33 INFO  : Refreshed build settings on project echo_server
13:54:04 INFO  : Registering command handlers for SDK TCF services
13:54:05 INFO  : Launching XSCT server: xsct.bat -interactive C:\Users\jenni\tut5_copy\tut5.sdk\temp_xsdb_launch_script.tcl
13:54:07 INFO  : XSCT server has started successfully.
13:54:08 INFO  : Successfully done setting XSCT server connection channel  
13:54:08 INFO  : Successfully done setting SDK workspace  
13:54:08 INFO  : Processing command line option -hwspec C:/Users/jenni/tut5_copy/tut5.sdk/design_1_wrapper.hdf.
15:38:58 INFO  : Registering command handlers for SDK TCF services
15:38:58 INFO  : Launching XSCT server: xsct.bat -interactive C:\Users\jenni\tut5_copy\tut5.sdk\temp_xsdb_launch_script.tcl
15:39:00 INFO  : XSCT server has started successfully.
15:39:01 INFO  : Successfully done setting XSCT server connection channel  
15:39:01 INFO  : Successfully done setting SDK workspace  
15:39:01 INFO  : Processing command line option -hwspec C:/Users/jenni/tut5_copy/tut5.sdk/design_1_wrapper.hdf.
15:39:01 INFO  : Checking for hwspec changes in the project design_1_wrapper_hw_platform_1.
