17:40:42 INFO  : Registering command handlers for SDK TCF services
17:40:54 INFO  : Launching XSCT server: xsct.bat -interactive C:\Users\jenni\tut5\tut5.sdk\temp_xsdb_launch_script.tcl
17:40:58 INFO  : XSCT server has started successfully.
17:40:58 INFO  : Successfully done setting XSCT server connection channel  
17:40:59 INFO  : Successfully done setting SDK workspace  
17:40:59 INFO  : Processing command line option -hwspec C:/Users/jenni/tut5/tut5.sdk/design_1_wrapper.hdf.
17:47:33 INFO  : Refreshed build settings on project echo_server
13:54:04 INFO  : Registering command handlers for SDK TCF services
13:54:05 INFO  : Launching XSCT server: xsct.bat -interactive C:\Users\jenni\tut5_copy\tut5.sdk\temp_xsdb_launch_script.tcl
13:54:07 INFO  : XSCT server has started successfully.
13:54:08 INFO  : Successfully done setting XSCT server connection channel  
13:54:08 INFO  : Successfully done setting SDK workspace  
13:54:08 INFO  : Processing command line option -hwspec C:/Users/jenni/tut5_copy/tut5.sdk/design_1_wrapper.hdf.
15:38:58 INFO  : Registering command handlers for SDK TCF services
15:38:58 INFO  : Launching XSCT server: xsct.bat -interactive C:\Users\jenni\tut5_copy\tut5.sdk\temp_xsdb_launch_script.tcl
15:39:00 INFO  : XSCT server has started successfully.
15:39:01 INFO  : Successfully done setting XSCT server connection channel  
15:39:01 INFO  : Successfully done setting SDK workspace  
15:39:01 INFO  : Processing command line option -hwspec C:/Users/jenni/tut5_copy/tut5.sdk/design_1_wrapper.hdf.
15:39:01 INFO  : Checking for hwspec changes in the project design_1_wrapper_hw_platform_1.
18:22:34 INFO  : Registering command handlers for SDK TCF services
18:22:35 INFO  : Launching XSCT server: xsct.bat -interactive C:\Users\srini\Documents\ECE552\ECE532\tut5_copy\tut5_copy\tut5.sdk\temp_xsdb_launch_script.tcl
18:22:39 INFO  : XSCT server has started successfully.
18:22:47 INFO  : Successfully done setting XSCT server connection channel  
18:22:47 INFO  : Successfully done setting SDK workspace  
18:22:47 INFO  : Processing command line option -hwspec C:/Users/srini/Documents/ECE552/ECE532/tut5_copy/tut5_copy/tut5.sdk/design_1_wrapper.hdf.
18:23:26 INFO  : 'targets -set -filter {jtag_cable_name =~ "Digilent Nexys Video 210276723574B" && level==0} -index 0' command is executed.
18:23:26 INFO  : 'fpga -state' command is executed.
18:23:26 INFO  : Connected to target on host '127.0.0.1' and port '3121'.
18:23:26 INFO  : Jtag cable 'Digilent Nexys Video 210276723574B' is selected.
18:23:26 INFO  : 'jtag frequency' command is executed.
18:23:26 INFO  : 'configparams mdm-detect-bscan-mask 2' command is executed.
18:23:26 INFO  : ----------------XSDB Script----------------
connect -url tcp:127.0.0.1:3121
configparams mdm-detect-bscan-mask 2
----------------End of Script----------------

18:23:26 INFO  : Disconnected from the channel tcfchan#1.
18:24:22 INFO  : 'targets -set -filter {jtag_cable_name =~ "Digilent Nexys Video 210276723574B" && level==0} -index 0' command is executed.
18:24:22 INFO  : 'fpga -state' command is executed.
18:24:22 INFO  : Connected to target on host '127.0.0.1' and port '3121'.
18:24:22 INFO  : Jtag cable 'Digilent Nexys Video 210276723574B' is selected.
18:24:22 INFO  : 'jtag frequency' command is executed.
18:24:22 INFO  : 'configparams mdm-detect-bscan-mask 2' command is executed.
18:24:22 INFO  : ----------------XSDB Script----------------
connect -url tcp:127.0.0.1:3121
configparams mdm-detect-bscan-mask 2
----------------End of Script----------------

18:24:22 INFO  : Disconnected from the channel tcfchan#2.
18:25:08 INFO  : Launching XSCT server: xsct.bat -interactive C:\Users\srini\Documents\ECE552\ECE532\tut5_copy\tut5_copy\tut5.sdk\temp_xsdb_launch_script.tcl
18:25:10 INFO  : XSCT server has started successfully.
18:25:10 INFO  : Successfully done setting XSCT server connection channel  
18:25:11 INFO  : Successfully done setting SDK workspace  
18:25:13 INFO  : Registering command handlers for SDK TCF services
18:25:14 INFO  : Processing command line option -hwspec C:/Users/srini/Documents/ECE552/ECE532/tut5_copy/tut5_copy/tut5.sdk/design_1_wrapper.hdf.
18:25:15 INFO  : Checking for hwspec changes in the project design_1_wrapper_hw_platform_2.
18:26:18 INFO  : Connected to target on host '127.0.0.1' and port '3121'.
18:26:18 INFO  : Jtag cable 'Digilent Nexys Video 210276723574B' is selected.
18:26:18 INFO  : 'jtag frequency' command is executed.
18:26:18 INFO  : 'targets -set -filter {jtag_cable_name =~ "Digilent Nexys Video 210276723574B" && level==0} -index 0' command is executed.
18:26:24 INFO  : FPGA configured successfully with bitstream "C:/Users/srini/Documents/ECE552/ECE532/tut5_copy/tut5_copy/tut5.sdk/design_1_wrapper_hw_platform_0/design_1_wrapper.bit"
18:26:24 INFO  : 'configparams mdm-detect-bscan-mask 2' command is executed.
18:26:24 INFO  : ----------------XSDB Script----------------
connect -url tcp:127.0.0.1:3121
targets -set -filter {jtag_cable_name =~ "Digilent Nexys Video 210276723574B" && level==0} -index 0
fpga -file C:/Users/srini/Documents/ECE552/ECE532/tut5_copy/tut5_copy/tut5.sdk/design_1_wrapper_hw_platform_0/design_1_wrapper.bit
configparams mdm-detect-bscan-mask 2
----------------End of Script----------------

18:26:24 INFO  : Disconnected from the channel tcfchan#1.
18:46:48 INFO  : Launching XSCT server: xsct.bat -interactive C:\Users\srini\Documents\ECE552\ECE532\tut5_copy\tut5_copy\tut5.sdk\temp_xsdb_launch_script.tcl
18:46:50 INFO  : XSCT server has started successfully.
18:46:52 INFO  : Successfully done setting XSCT server connection channel  
18:46:52 INFO  : Successfully done setting SDK workspace  
18:46:54 INFO  : Registering command handlers for SDK TCF services
18:46:55 INFO  : Processing command line option -hwspec C:/Users/srini/Documents/ECE552/ECE532/tut5_copy/tut5_copy/tut5.sdk/design_1_wrapper.hdf.
18:46:56 INFO  : Checking for hwspec changes in the project design_1_wrapper_hw_platform_2.
18:47:34 INFO  : Connected to target on host '127.0.0.1' and port '3121'.
18:47:35 INFO  : Jtag cable 'Digilent Nexys Video 210276723574B' is selected.
18:47:35 INFO  : 'jtag frequency' command is executed.
18:47:35 INFO  : 'targets -set -filter {jtag_cable_name =~ "Digilent Nexys Video 210276723574B" && level==0} -index 0' command is executed.
18:47:40 INFO  : FPGA configured successfully with bitstream "C:/Users/srini/Documents/ECE552/ECE532/tut5_copy/tut5_copy/tut5.sdk/design_1_wrapper_hw_platform_0/design_1_wrapper.bit"
18:47:40 INFO  : 'configparams mdm-detect-bscan-mask 2' command is executed.
18:47:40 INFO  : ----------------XSDB Script----------------
connect -url tcp:127.0.0.1:3121
targets -set -filter {jtag_cable_name =~ "Digilent Nexys Video 210276723574B" && level==0} -index 0
fpga -file C:/Users/srini/Documents/ECE552/ECE532/tut5_copy/tut5_copy/tut5.sdk/design_1_wrapper_hw_platform_0/design_1_wrapper.bit
configparams mdm-detect-bscan-mask 2
----------------End of Script----------------

18:47:40 INFO  : Disconnected from the channel tcfchan#1.
18:48:15 INFO  : Connected to target on host '127.0.0.1' and port '3121'.
18:48:15 INFO  : Jtag cable 'Digilent Nexys Video 210276723574B' is selected.
18:48:15 INFO  : 'jtag frequency' command is executed.
18:48:15 INFO  : 'targets -set -filter {jtag_cable_name =~ "Digilent Nexys Video 210276723574B" && level==0} -index 0' command is executed.
18:48:21 INFO  : FPGA configured successfully with bitstream "C:/Users/srini/Documents/ECE552/ECE532/tut5_copy/tut5_copy/tut5.sdk/design_1_wrapper_hw_platform_0/design_1_wrapper.bit"
18:48:21 INFO  : 'configparams mdm-detect-bscan-mask 2' command is executed.
18:48:21 INFO  : ----------------XSDB Script----------------
connect -url tcp:127.0.0.1:3121
targets -set -filter {jtag_cable_name =~ "Digilent Nexys Video 210276723574B" && level==0} -index 0
fpga -file C:/Users/srini/Documents/ECE552/ECE532/tut5_copy/tut5_copy/tut5.sdk/design_1_wrapper_hw_platform_0/design_1_wrapper.bit
configparams mdm-detect-bscan-mask 2
----------------End of Script----------------

18:48:21 INFO  : Disconnected from the channel tcfchan#2.
18:48:41 INFO  : Connected to target on host '127.0.0.1' and port '3121'.
18:48:41 INFO  : Jtag cable 'Digilent Nexys Video 210276723574B' is selected.
18:48:41 INFO  : 'jtag frequency' command is executed.
18:48:41 INFO  : 'targets -set -filter {jtag_cable_name =~ "Digilent Nexys Video 210276723574B" && level==0} -index 0' command is executed.
18:48:47 INFO  : FPGA configured successfully with bitstream "C:/Users/srini/Documents/ECE552/ECE532/tut5_copy/tut5_copy/tut5.sdk/design_1_wrapper_hw_platform_0/design_1_wrapper.bit"
18:48:47 INFO  : 'configparams mdm-detect-bscan-mask 2' command is executed.
18:48:47 INFO  : ----------------XSDB Script----------------
connect -url tcp:127.0.0.1:3121
targets -set -filter {jtag_cable_name =~ "Digilent Nexys Video 210276723574B" && level==0} -index 0
fpga -file C:/Users/srini/Documents/ECE552/ECE532/tut5_copy/tut5_copy/tut5.sdk/design_1_wrapper_hw_platform_0/design_1_wrapper.bit
configparams mdm-detect-bscan-mask 2
----------------End of Script----------------

18:48:47 INFO  : Disconnected from the channel tcfchan#3.
18:49:31 INFO  : Connected to target on host '127.0.0.1' and port '3121'.
18:49:31 INFO  : Jtag cable 'Digilent Nexys Video 210276723574B' is selected.
18:49:31 INFO  : 'jtag frequency' command is executed.
18:49:31 INFO  : 'targets -set -filter {jtag_cable_name =~ "Digilent Nexys Video 210276723574B" && level==0} -index 0' command is executed.
18:49:37 INFO  : FPGA configured successfully with bitstream "C:/Users/srini/Documents/ECE552/ECE532/tut5_copy/tut5_copy/tut5.runs/impl_2/design_1_wrapper.bit"
18:49:37 INFO  : 'configparams mdm-detect-bscan-mask 2' command is executed.
18:49:37 INFO  : ----------------XSDB Script----------------
connect -url tcp:127.0.0.1:3121
targets -set -filter {jtag_cable_name =~ "Digilent Nexys Video 210276723574B" && level==0} -index 0
fpga -file C:/Users/srini/Documents/ECE552/ECE532/tut5_copy/tut5_copy/tut5.runs/impl_2/design_1_wrapper.bit
configparams mdm-detect-bscan-mask 2
----------------End of Script----------------

18:49:37 INFO  : Disconnected from the channel tcfchan#4.
18:50:36 INFO  : Launching XSCT server: xsct.bat -interactive C:\Users\srini\Documents\ECE552\ECE532\tut5_copy\tut5_copy\tut5.sdk\temp_xsdb_launch_script.tcl
18:50:37 INFO  : XSCT server has started successfully.
18:50:37 INFO  : Successfully done setting XSCT server connection channel  
18:50:39 INFO  : Successfully done setting SDK workspace  
18:50:40 INFO  : Registering command handlers for SDK TCF services
18:50:40 INFO  : Processing command line option -hwspec C:/Users/srini/Documents/ECE552/ECE532/tut5_copy/tut5_copy/tut5.sdk/design_1_wrapper.hdf.
18:50:40 INFO  : Checking for hwspec changes in the project design_1_wrapper_hw_platform_2.
18:51:29 INFO  : Connected to target on host '127.0.0.1' and port '3121'.
18:51:29 INFO  : Jtag cable 'Digilent Nexys Video 210276723574B' is selected.
18:51:29 INFO  : 'jtag frequency' command is executed.
18:51:30 INFO  : 'targets -set -filter {jtag_cable_name =~ "Digilent Nexys Video 210276723574B" && level==0} -index 0' command is executed.
18:51:35 INFO  : FPGA configured successfully with bitstream "C:/Users/srini/Documents/ECE552/ECE532/tut5_copy/tut5_copy/tut5.runs/impl_2/design_1_wrapper.bit"
18:51:35 INFO  : 'configparams mdm-detect-bscan-mask 2' command is executed.
18:51:35 INFO  : ----------------XSDB Script----------------
connect -url tcp:127.0.0.1:3121
targets -set -filter {jtag_cable_name =~ "Digilent Nexys Video 210276723574B" && level==0} -index 0
fpga -file C:/Users/srini/Documents/ECE552/ECE532/tut5_copy/tut5_copy/tut5.runs/impl_2/design_1_wrapper.bit
configparams mdm-detect-bscan-mask 2
----------------End of Script----------------

18:51:35 INFO  : Disconnected from the channel tcfchan#1.
18:54:23 INFO  : Launching XSCT server: xsct.bat -interactive C:\Users\srini\tut5_copy\tut5.sdk\temp_xsdb_launch_script.tcl
18:54:24 INFO  : XSCT server has started successfully.
18:54:25 INFO  : Successfully done setting XSCT server connection channel  
18:54:25 INFO  : Successfully done setting SDK workspace  
18:54:26 INFO  : Registering command handlers for SDK TCF services
18:54:26 INFO  : Processing command line option -hwspec C:/Users/srini/tut5_copy/tut5.sdk/design_1_wrapper.hdf.
18:54:49 INFO  : Connected to target on host '127.0.0.1' and port '3121'.
18:54:49 INFO  : Jtag cable 'Digilent Nexys Video 210276723574B' is selected.
18:54:49 INFO  : 'jtag frequency' command is executed.
18:54:49 INFO  : 'targets -set -filter {jtag_cable_name =~ "Digilent Nexys Video 210276723574B" && level==0} -index 0' command is executed.
18:54:49 ERROR : couldn't open "C:/Users/srini/Documents/ECE552/ECE532/tut5_copy/tut5_copy/tut5.runs/impl_2/design_1_wrapper.bit": no such file or directory
18:54:49 ERROR : Exception occured while running Program FPGA.
java.lang.RuntimeException: couldn't open "C:/Users/srini/Documents/ECE552/ECE532/tut5_copy/tut5_copy/tut5.runs/impl_2/design_1_wrapper.bit": no such file or directory
18:54:49 INFO  : ----------------XSDB Script----------------
connect -url tcp:127.0.0.1:3121
----------------End of Script----------------

18:55:15 INFO  : Connected to target on host '127.0.0.1' and port '3121'.
18:55:15 INFO  : Jtag cable 'Digilent Nexys Video 210276723574B' is selected.
18:55:15 INFO  : 'jtag frequency' command is executed.
18:55:15 INFO  : 'targets -set -filter {jtag_cable_name =~ "Digilent Nexys Video 210276723574B" && level==0} -index 0' command is executed.
18:55:21 INFO  : FPGA configured successfully with bitstream "C:/Users/srini/tut5_copy/tut5.runs/impl_2/design_1_wrapper.bit"
18:55:21 INFO  : 'configparams mdm-detect-bscan-mask 2' command is executed.
18:55:21 INFO  : ----------------XSDB Script----------------
connect -url tcp:127.0.0.1:3121
targets -set -filter {jtag_cable_name =~ "Digilent Nexys Video 210276723574B" && level==0} -index 0
fpga -file C:/Users/srini/tut5_copy/tut5.runs/impl_2/design_1_wrapper.bit
configparams mdm-detect-bscan-mask 2
----------------End of Script----------------

18:55:21 INFO  : Disconnected from the channel tcfchan#1.
18:56:06 INFO  : Connected to target on host '127.0.0.1' and port '3121'.
18:56:06 INFO  : Jtag cable 'Digilent Nexys Video 210276723574B' is selected.
18:56:06 INFO  : 'jtag frequency' command is executed.
18:56:06 INFO  : 'targets -set -filter {jtag_cable_name =~ "Digilent Nexys Video 210276723574B" && level==0} -index 0' command is executed.
18:56:12 INFO  : FPGA configured successfully with bitstream "C:/Users/srini/tut5_copy/tut5.runs/impl_2/design_1_wrapper.bit"
18:56:12 INFO  : 'configparams mdm-detect-bscan-mask 2' command is executed.
18:56:12 INFO  : ----------------XSDB Script----------------
connect -url tcp:127.0.0.1:3121
targets -set -filter {jtag_cable_name =~ "Digilent Nexys Video 210276723574B" && level==0} -index 0
fpga -file C:/Users/srini/tut5_copy/tut5.runs/impl_2/design_1_wrapper.bit
configparams mdm-detect-bscan-mask 2
----------------End of Script----------------

18:56:12 INFO  : Disconnected from the channel tcfchan#2.
18:59:14 INFO  : Launching XSCT server: xsct.bat -interactive C:\Users\srini\tut5_copy\tut5.sdk\temp_xsdb_launch_script.tcl
18:59:15 INFO  : XSCT server has started successfully.
18:59:17 INFO  : Successfully done setting XSCT server connection channel  
18:59:17 INFO  : Successfully done setting SDK workspace  
18:59:18 INFO  : Registering command handlers for SDK TCF services
18:59:18 INFO  : Processing command line option -hwspec C:/Users/srini/tut5_copy/tut5.sdk/design_1_wrapper.hdf.
18:59:18 INFO  : Checking for hwspec changes in the project design_1_wrapper_hw_platform_3.
18:59:45 INFO  : Connected to target on host '127.0.0.1' and port '3121'.
18:59:45 INFO  : Jtag cable 'Digilent Nexys Video 210276723574B' is selected.
18:59:45 INFO  : 'jtag frequency' command is executed.
18:59:45 INFO  : 'targets -set -filter {jtag_cable_name =~ "Digilent Nexys Video 210276723574B" && level==0} -index 0' command is executed.
18:59:51 INFO  : FPGA configured successfully with bitstream "C:/Users/srini/tut5_copy/tut5.sdk/design_1_wrapper_hw_platform_0/design_1_wrapper.bit"
18:59:51 INFO  : 'configparams mdm-detect-bscan-mask 2' command is executed.
18:59:51 INFO  : ----------------XSDB Script----------------
connect -url tcp:127.0.0.1:3121
targets -set -filter {jtag_cable_name =~ "Digilent Nexys Video 210276723574B" && level==0} -index 0
fpga -file C:/Users/srini/tut5_copy/tut5.sdk/design_1_wrapper_hw_platform_0/design_1_wrapper.bit
configparams mdm-detect-bscan-mask 2
----------------End of Script----------------

18:59:51 INFO  : Disconnected from the channel tcfchan#1.
19:00:06 INFO  : Connected to target on host '127.0.0.1' and port '3121'.
19:00:06 INFO  : Jtag cable 'Digilent Nexys Video 210276723574B' is selected.
19:00:06 INFO  : 'jtag frequency' command is executed.
19:00:06 INFO  : 'targets -set -filter {jtag_cable_name =~ "Digilent Nexys Video 210276723574B" && level==0} -index 0' command is executed.
19:00:12 INFO  : FPGA configured successfully with bitstream "C:/Users/srini/tut5_copy/tut5.sdk/design_1_wrapper_hw_platform_0/design_1_wrapper.bit"
19:00:12 INFO  : 'configparams mdm-detect-bscan-mask 2' command is executed.
19:00:12 INFO  : ----------------XSDB Script----------------
connect -url tcp:127.0.0.1:3121
targets -set -filter {jtag_cable_name =~ "Digilent Nexys Video 210276723574B" && level==0} -index 0
fpga -file C:/Users/srini/tut5_copy/tut5.sdk/design_1_wrapper_hw_platform_0/design_1_wrapper.bit
configparams mdm-detect-bscan-mask 2
----------------End of Script----------------

19:00:12 INFO  : Disconnected from the channel tcfchan#2.
19:01:13 INFO  : Connected to target on host '127.0.0.1' and port '3121'.
19:01:13 INFO  : Jtag cable 'Digilent Nexys Video 210276723574B' is selected.
19:01:13 INFO  : 'jtag frequency' command is executed.
19:01:13 INFO  : 'targets -set -filter {jtag_cable_name =~ "Digilent Nexys Video 210276723574B" && level==0} -index 0' command is executed.
19:01:19 INFO  : FPGA configured successfully with bitstream "C:/Users/srini/tut5_copy/tut5.sdk/design_1_wrapper_hw_platform_0/design_1_wrapper.bit"
19:01:19 INFO  : 'configparams mdm-detect-bscan-mask 2' command is executed.
19:01:19 INFO  : ----------------XSDB Script----------------
connect -url tcp:127.0.0.1:3121
targets -set -filter {jtag_cable_name =~ "Digilent Nexys Video 210276723574B" && level==0} -index 0
fpga -file C:/Users/srini/tut5_copy/tut5.sdk/design_1_wrapper_hw_platform_0/design_1_wrapper.bit
configparams mdm-detect-bscan-mask 2
----------------End of Script----------------

19:01:19 INFO  : Disconnected from the channel tcfchan#3.
19:01:48 INFO  : Connected to target on host '127.0.0.1' and port '3121'.
19:01:49 INFO  : Jtag cable 'Digilent Nexys Video 210276723574B' is selected.
19:01:49 INFO  : 'jtag frequency' command is executed.
19:01:49 INFO  : 'targets -set -filter {jtag_cable_name =~ "Digilent Nexys Video 210276723574B" && level==0} -index 0' command is executed.
19:01:54 INFO  : FPGA configured successfully with bitstream "C:/Users/srini/tut5_copy/tut5.sdk/design_1_wrapper_hw_platform_0/design_1_wrapper.bit"
19:01:54 INFO  : 'configparams mdm-detect-bscan-mask 2' command is executed.
19:01:54 INFO  : ----------------XSDB Script----------------
connect -url tcp:127.0.0.1:3121
targets -set -filter {jtag_cable_name =~ "Digilent Nexys Video 210276723574B" && level==0} -index 0
fpga -file C:/Users/srini/tut5_copy/tut5.sdk/design_1_wrapper_hw_platform_0/design_1_wrapper.bit
configparams mdm-detect-bscan-mask 2
----------------End of Script----------------

19:01:54 INFO  : Disconnected from the channel tcfchan#4.
19:07:04 INFO  : Connected to target on host '127.0.0.1' and port '3121'.
19:07:04 INFO  : Jtag cable 'Digilent Nexys Video 210276723574B' is selected.
19:07:04 INFO  : 'jtag frequency' command is executed.
19:07:04 INFO  : 'targets -set -filter {jtag_cable_name =~ "Digilent Nexys Video 210276723574B" && level==0} -index 0' command is executed.
19:07:10 INFO  : FPGA configured successfully with bitstream "C:/Users/srini/tut5_copy/tut5.sdk/design_1_wrapper_hw_platform_0/design_1_wrapper.bit"
19:07:10 INFO  : 'configparams mdm-detect-bscan-mask 2' command is executed.
19:07:10 INFO  : ----------------XSDB Script----------------
connect -url tcp:127.0.0.1:3121
targets -set -filter {jtag_cable_name =~ "Digilent Nexys Video 210276723574B" && level==0} -index 0
fpga -file C:/Users/srini/tut5_copy/tut5.sdk/design_1_wrapper_hw_platform_0/design_1_wrapper.bit
configparams mdm-detect-bscan-mask 2
----------------End of Script----------------

19:07:10 INFO  : Disconnected from the channel tcfchan#5.
19:07:42 INFO  : Connected to target on host '127.0.0.1' and port '3121'.
19:07:42 INFO  : Jtag cable 'Digilent Nexys Video 210276723574B' is selected.
19:07:42 INFO  : 'jtag frequency' command is executed.
19:07:42 INFO  : 'targets -set -filter {jtag_cable_name =~ "Digilent Nexys Video 210276723574B" && level==0} -index 0' command is executed.
19:07:48 INFO  : FPGA configured successfully with bitstream "C:/Users/srini/tut5_copy/tut5.sdk/design_1_wrapper_hw_platform_0/design_1_wrapper.bit"
19:07:48 INFO  : 'configparams mdm-detect-bscan-mask 2' command is executed.
19:07:48 INFO  : Context for processor 'microblaze_0' is selected.
19:07:48 INFO  : Processor reset is completed for 'microblaze_0'.
19:07:48 INFO  : Context for processor 'microblaze_0' is selected.
19:07:49 INFO  : The application 'C:/Users/srini/tut5_copy/tut5.sdk/echo_server/Debug/echo_server.elf' is downloaded to processor 'microblaze_0'.
19:07:49 INFO  : ----------------XSDB Script----------------
connect -url tcp:127.0.0.1:3121
targets -set -filter {jtag_cable_name =~ "Digilent Nexys Video 210276723574B" && level==0} -index 0
fpga -file C:/Users/srini/tut5_copy/tut5.sdk/design_1_wrapper_hw_platform_0/design_1_wrapper.bit
configparams mdm-detect-bscan-mask 2
targets -set -nocase -filter {name =~ "microblaze*#0" && bscan=="USER2"  && jtag_cable_name =~ "Digilent Nexys Video 210276723574B"} -index 0
rst -processor
targets -set -nocase -filter {name =~ "microblaze*#0" && bscan=="USER2"  && jtag_cable_name =~ "Digilent Nexys Video 210276723574B"} -index 0
dow C:/Users/srini/tut5_copy/tut5.sdk/echo_server/Debug/echo_server.elf
----------------End of Script----------------

19:07:49 INFO  : Context for processor 'microblaze_0' is selected.
19:07:49 INFO  : 'con' command is executed.
19:07:49 INFO  : ----------------XSDB Script (After Launch)----------------
targets -set -nocase -filter {name =~ "microblaze*#0" && bscan=="USER2"  && jtag_cable_name =~ "Digilent Nexys Video 210276723574B"} -index 0
con
----------------End of Script----------------

19:07:49 INFO  : Disconnected from the channel tcfchan#6.
19:08:50 INFO  : Connected to target on host '127.0.0.1' and port '3121'.
19:08:50 INFO  : Jtag cable 'Digilent Nexys Video 210276723574B' is selected.
19:08:50 INFO  : 'jtag frequency' command is executed.
19:08:50 INFO  : 'targets -set -filter {jtag_cable_name =~ "Digilent Nexys Video 210276723574B" && level==0} -index 0' command is executed.
19:08:57 INFO  : FPGA configured successfully with bitstream "C:/Users/srini/tut5_copy/tut5.sdk/design_1_wrapper_hw_platform_0/design_1_wrapper.bit"
19:08:57 INFO  : 'configparams mdm-detect-bscan-mask 2' command is executed.
19:08:57 INFO  : Context for processor 'microblaze_0' is selected.
19:08:57 INFO  : Processor reset is completed for 'microblaze_0'.
19:08:57 INFO  : Context for processor 'microblaze_0' is selected.
19:08:58 INFO  : The application 'C:/Users/srini/tut5_copy/tut5.sdk/echo_server/Debug/echo_server.elf' is downloaded to processor 'microblaze_0'.
19:08:58 INFO  : ----------------XSDB Script----------------
connect -url tcp:127.0.0.1:3121
targets -set -filter {jtag_cable_name =~ "Digilent Nexys Video 210276723574B" && level==0} -index 0
fpga -file C:/Users/srini/tut5_copy/tut5.sdk/design_1_wrapper_hw_platform_0/design_1_wrapper.bit
configparams mdm-detect-bscan-mask 2
targets -set -nocase -filter {name =~ "microblaze*#0" && bscan=="USER2"  && jtag_cable_name =~ "Digilent Nexys Video 210276723574B"} -index 0
rst -processor
targets -set -nocase -filter {name =~ "microblaze*#0" && bscan=="USER2"  && jtag_cable_name =~ "Digilent Nexys Video 210276723574B"} -index 0
dow C:/Users/srini/tut5_copy/tut5.sdk/echo_server/Debug/echo_server.elf
----------------End of Script----------------

19:08:58 INFO  : Context for processor 'microblaze_0' is selected.
19:08:58 INFO  : 'con' command is executed.
19:08:58 INFO  : ----------------XSDB Script (After Launch)----------------
targets -set -nocase -filter {name =~ "microblaze*#0" && bscan=="USER2"  && jtag_cable_name =~ "Digilent Nexys Video 210276723574B"} -index 0
con
----------------End of Script----------------

19:08:58 INFO  : Disconnected from the channel tcfchan#7.
19:09:37 INFO  : Connected to target on host '127.0.0.1' and port '3121'.
19:09:37 INFO  : Jtag cable 'Digilent Nexys Video 210276723574B' is selected.
19:09:37 INFO  : 'jtag frequency' command is executed.
19:09:37 INFO  : 'targets -set -filter {jtag_cable_name =~ "Digilent Nexys Video 210276723574B" && level==0} -index 0' command is executed.
19:09:43 INFO  : FPGA configured successfully with bitstream "C:/Users/srini/tut5_copy/tut5.sdk/design_1_wrapper_hw_platform_0/design_1_wrapper.bit"
19:09:43 INFO  : 'configparams mdm-detect-bscan-mask 2' command is executed.
19:09:43 INFO  : Context for processor 'microblaze_0' is selected.
19:09:43 INFO  : Processor reset is completed for 'microblaze_0'.
19:09:43 INFO  : Context for processor 'microblaze_0' is selected.
19:09:44 INFO  : The application 'C:/Users/srini/tut5_copy/tut5.sdk/echo_server/Debug/echo_server.elf' is downloaded to processor 'microblaze_0'.
19:09:44 INFO  : ----------------XSDB Script----------------
connect -url tcp:127.0.0.1:3121
targets -set -filter {jtag_cable_name =~ "Digilent Nexys Video 210276723574B" && level==0} -index 0
fpga -file C:/Users/srini/tut5_copy/tut5.sdk/design_1_wrapper_hw_platform_0/design_1_wrapper.bit
configparams mdm-detect-bscan-mask 2
targets -set -nocase -filter {name =~ "microblaze*#0" && bscan=="USER2"  && jtag_cable_name =~ "Digilent Nexys Video 210276723574B"} -index 0
rst -processor
targets -set -nocase -filter {name =~ "microblaze*#0" && bscan=="USER2"  && jtag_cable_name =~ "Digilent Nexys Video 210276723574B"} -index 0
dow C:/Users/srini/tut5_copy/tut5.sdk/echo_server/Debug/echo_server.elf
----------------End of Script----------------

19:09:44 INFO  : Context for processor 'microblaze_0' is selected.
19:09:44 INFO  : 'con' command is executed.
19:09:44 INFO  : ----------------XSDB Script (After Launch)----------------
targets -set -nocase -filter {name =~ "microblaze*#0" && bscan=="USER2"  && jtag_cable_name =~ "Digilent Nexys Video 210276723574B"} -index 0
con
----------------End of Script----------------

19:09:44 INFO  : Disconnected from the channel tcfchan#8.
19:51:57 INFO  : Registering command handlers for SDK TCF services
19:51:57 INFO  : Launching XSCT server: xsct.bat -interactive C:\Users\srini\tut5_copy\tut5.sdk\temp_xsdb_launch_script.tcl
19:51:58 INFO  : XSCT server has started successfully.
19:51:58 INFO  : Successfully done setting XSCT server connection channel  
19:51:58 INFO  : Successfully done setting SDK workspace  
19:51:58 INFO  : Processing command line option -hwspec C:/Users/srini/tut5_copy/tut5.sdk/design_1_wrapper.hdf.
19:51:58 INFO  : Checking for hwspec changes in the project design_1_wrapper_hw_platform_3.
19:52:00 INFO  : SDK has detected change in the last modified timestamps for source hardware specification file Source:1737852684871,  Project:1737846842033
19:52:00 INFO  : The hardware specification for project 'design_1_wrapper_hw_platform_3' is different from C:/Users/srini/tut5_copy/tut5.sdk/design_1_wrapper.hdf.
19:52:00 INFO  : Copied contents of C:/Users/srini/tut5_copy/tut5.sdk/design_1_wrapper.hdf into \design_1_wrapper_hw_platform_3\system.hdf.
19:52:00 INFO  : Synchronizing projects in the workspace with the hardware platform specification changes.
19:52:01 INFO  : Clearing existing target manager status.
19:52:01 INFO  : Workspace synchronized with the new hardware specification file. Cleaning dependent projects...
19:52:01 WARN  : Linker script will not be updated automatically. Users need to update it manually.
19:53:23 INFO  : Connected to target on host '127.0.0.1' and port '3121'.
19:53:23 INFO  : Jtag cable 'Digilent Nexys Video 210276723574B' is selected.
19:53:23 INFO  : 'jtag frequency' command is executed.
19:53:23 INFO  : 'targets -set -filter {jtag_cable_name =~ "Digilent Nexys Video 210276723574B" && level==0} -index 0' command is executed.
19:53:29 INFO  : FPGA configured successfully with bitstream "C:/Users/srini/tut5_copy/tut5.sdk/design_1_wrapper_hw_platform_0/design_1_wrapper.bit"
19:53:29 INFO  : 'configparams mdm-detect-bscan-mask 2' command is executed.
19:53:29 INFO  : Context for processor 'microblaze_0' is selected.
19:53:29 INFO  : Processor reset is completed for 'microblaze_0'.
19:53:29 INFO  : Context for processor 'microblaze_0' is selected.
19:53:30 INFO  : The application 'C:/Users/srini/tut5_copy/tut5.sdk/echo_server/Debug/echo_server.elf' is downloaded to processor 'microblaze_0'.
19:53:30 INFO  : ----------------XSDB Script----------------
connect -url tcp:127.0.0.1:3121
targets -set -filter {jtag_cable_name =~ "Digilent Nexys Video 210276723574B" && level==0} -index 0
fpga -file C:/Users/srini/tut5_copy/tut5.sdk/design_1_wrapper_hw_platform_0/design_1_wrapper.bit
configparams mdm-detect-bscan-mask 2
targets -set -nocase -filter {name =~ "microblaze*#0" && bscan=="USER2"  && jtag_cable_name =~ "Digilent Nexys Video 210276723574B"} -index 0
rst -processor
targets -set -nocase -filter {name =~ "microblaze*#0" && bscan=="USER2"  && jtag_cable_name =~ "Digilent Nexys Video 210276723574B"} -index 0
dow C:/Users/srini/tut5_copy/tut5.sdk/echo_server/Debug/echo_server.elf
----------------End of Script----------------

19:53:30 INFO  : Context for processor 'microblaze_0' is selected.
19:53:30 INFO  : 'con' command is executed.
19:53:30 INFO  : ----------------XSDB Script (After Launch)----------------
targets -set -nocase -filter {name =~ "microblaze*#0" && bscan=="USER2"  && jtag_cable_name =~ "Digilent Nexys Video 210276723574B"} -index 0
con
----------------End of Script----------------

19:53:30 INFO  : Disconnected from the channel tcfchan#1.
19:57:11 INFO  : Connected to target on host '127.0.0.1' and port '3121'.
19:57:11 INFO  : Jtag cable 'Digilent Nexys Video 210276723574B' is selected.
19:57:11 INFO  : 'jtag frequency' command is executed.
19:57:11 INFO  : 'targets -set -filter {jtag_cable_name =~ "Digilent Nexys Video 210276723574B" && level==0} -index 0' command is executed.
19:57:17 INFO  : FPGA configured successfully with bitstream "C:/Users/srini/tut5_copy/tut5.sdk/design_1_wrapper_hw_platform_0/design_1_wrapper.bit"
19:57:17 INFO  : 'configparams mdm-detect-bscan-mask 2' command is executed.
19:57:17 INFO  : Context for processor 'microblaze_0' is selected.
19:57:17 INFO  : Processor reset is completed for 'microblaze_0'.
19:57:17 INFO  : Context for processor 'microblaze_0' is selected.
19:57:18 INFO  : The application 'C:/Users/srini/tut5_copy/tut5.sdk/echo_server/Debug/echo_server.elf' is downloaded to processor 'microblaze_0'.
19:57:18 INFO  : ----------------XSDB Script----------------
connect -url tcp:127.0.0.1:3121
targets -set -filter {jtag_cable_name =~ "Digilent Nexys Video 210276723574B" && level==0} -index 0
fpga -file C:/Users/srini/tut5_copy/tut5.sdk/design_1_wrapper_hw_platform_0/design_1_wrapper.bit
configparams mdm-detect-bscan-mask 2
targets -set -nocase -filter {name =~ "microblaze*#0" && bscan=="USER2"  && jtag_cable_name =~ "Digilent Nexys Video 210276723574B"} -index 0
rst -processor
targets -set -nocase -filter {name =~ "microblaze*#0" && bscan=="USER2"  && jtag_cable_name =~ "Digilent Nexys Video 210276723574B"} -index 0
dow C:/Users/srini/tut5_copy/tut5.sdk/echo_server/Debug/echo_server.elf
----------------End of Script----------------

19:57:18 INFO  : Context for processor 'microblaze_0' is selected.
19:57:18 INFO  : 'con' command is executed.
19:57:18 INFO  : ----------------XSDB Script (After Launch)----------------
targets -set -nocase -filter {name =~ "microblaze*#0" && bscan=="USER2"  && jtag_cable_name =~ "Digilent Nexys Video 210276723574B"} -index 0
con
----------------End of Script----------------

19:57:18 INFO  : Disconnected from the channel tcfchan#2.
19:58:53 INFO  : Connected to target on host '127.0.0.1' and port '3121'.
19:58:53 INFO  : Jtag cable 'Digilent Nexys Video 210276723574B' is selected.
19:58:53 INFO  : 'jtag frequency' command is executed.
19:58:54 INFO  : 'targets -set -filter {jtag_cable_name =~ "Digilent Nexys Video 210276723574B" && level==0} -index 0' command is executed.
19:58:59 INFO  : FPGA configured successfully with bitstream "C:/Users/srini/tut5_copy/tut5.sdk/design_1_wrapper_hw_platform_0/design_1_wrapper.bit"
19:58:59 INFO  : 'configparams mdm-detect-bscan-mask 2' command is executed.
19:58:59 INFO  : Context for processor 'microblaze_0' is selected.
19:58:59 INFO  : Processor reset is completed for 'microblaze_0'.
19:58:59 INFO  : Context for processor 'microblaze_0' is selected.
19:59:00 INFO  : The application 'C:/Users/srini/tut5_copy/tut5.sdk/echo_server/Debug/echo_server.elf' is downloaded to processor 'microblaze_0'.
19:59:00 INFO  : ----------------XSDB Script----------------
connect -url tcp:127.0.0.1:3121
targets -set -filter {jtag_cable_name =~ "Digilent Nexys Video 210276723574B" && level==0} -index 0
fpga -file C:/Users/srini/tut5_copy/tut5.sdk/design_1_wrapper_hw_platform_0/design_1_wrapper.bit
configparams mdm-detect-bscan-mask 2
targets -set -nocase -filter {name =~ "microblaze*#0" && bscan=="USER2"  && jtag_cable_name =~ "Digilent Nexys Video 210276723574B"} -index 0
rst -processor
targets -set -nocase -filter {name =~ "microblaze*#0" && bscan=="USER2"  && jtag_cable_name =~ "Digilent Nexys Video 210276723574B"} -index 0
dow C:/Users/srini/tut5_copy/tut5.sdk/echo_server/Debug/echo_server.elf
----------------End of Script----------------

19:59:00 INFO  : Context for processor 'microblaze_0' is selected.
19:59:00 INFO  : 'con' command is executed.
19:59:00 INFO  : ----------------XSDB Script (After Launch)----------------
targets -set -nocase -filter {name =~ "microblaze*#0" && bscan=="USER2"  && jtag_cable_name =~ "Digilent Nexys Video 210276723574B"} -index 0
con
----------------End of Script----------------

19:59:00 INFO  : Disconnected from the channel tcfchan#3.
19:59:52 INFO  : Connected to target on host '127.0.0.1' and port '3121'.
19:59:52 INFO  : Jtag cable 'Digilent Nexys Video 210276723574B' is selected.
19:59:52 INFO  : 'jtag frequency' command is executed.
19:59:52 INFO  : 'targets -set -filter {jtag_cable_name =~ "Digilent Nexys Video 210276723574B" && level==0} -index 0' command is executed.
19:59:58 INFO  : FPGA configured successfully with bitstream "C:/Users/srini/tut5_copy/tut5.sdk/design_1_wrapper_hw_platform_0/design_1_wrapper.bit"
19:59:58 INFO  : 'configparams mdm-detect-bscan-mask 2' command is executed.
19:59:58 INFO  : Context for processor 'microblaze_0' is selected.
19:59:58 INFO  : Processor reset is completed for 'microblaze_0'.
19:59:58 INFO  : Context for processor 'microblaze_0' is selected.
19:59:59 INFO  : The application 'C:/Users/srini/tut5_copy/tut5.sdk/echo_server/Debug/echo_server.elf' is downloaded to processor 'microblaze_0'.
19:59:59 INFO  : ----------------XSDB Script----------------
connect -url tcp:127.0.0.1:3121
targets -set -filter {jtag_cable_name =~ "Digilent Nexys Video 210276723574B" && level==0} -index 0
fpga -file C:/Users/srini/tut5_copy/tut5.sdk/design_1_wrapper_hw_platform_0/design_1_wrapper.bit
configparams mdm-detect-bscan-mask 2
targets -set -nocase -filter {name =~ "microblaze*#0" && bscan=="USER2"  && jtag_cable_name =~ "Digilent Nexys Video 210276723574B"} -index 0
rst -processor
targets -set -nocase -filter {name =~ "microblaze*#0" && bscan=="USER2"  && jtag_cable_name =~ "Digilent Nexys Video 210276723574B"} -index 0
dow C:/Users/srini/tut5_copy/tut5.sdk/echo_server/Debug/echo_server.elf
----------------End of Script----------------

19:59:59 INFO  : Context for processor 'microblaze_0' is selected.
19:59:59 INFO  : 'con' command is executed.
19:59:59 INFO  : ----------------XSDB Script (After Launch)----------------
targets -set -nocase -filter {name =~ "microblaze*#0" && bscan=="USER2"  && jtag_cable_name =~ "Digilent Nexys Video 210276723574B"} -index 0
con
----------------End of Script----------------

19:59:59 INFO  : Disconnected from the channel tcfchan#4.
20:01:04 INFO  : Connected to target on host '127.0.0.1' and port '3121'.
20:01:04 INFO  : Jtag cable 'Digilent Nexys Video 210276723574B' is selected.
20:01:04 INFO  : 'jtag frequency' command is executed.
20:01:04 INFO  : 'targets -set -filter {jtag_cable_name =~ "Digilent Nexys Video 210276723574B" && level==0} -index 0' command is executed.
20:01:09 INFO  : FPGA configured successfully with bitstream "C:/Users/srini/tut5_copy/tut5.sdk/design_1_wrapper_hw_platform_0/design_1_wrapper.bit"
20:01:09 INFO  : 'configparams mdm-detect-bscan-mask 2' command is executed.
20:01:09 INFO  : Context for processor 'microblaze_0' is selected.
20:01:10 INFO  : Processor reset is completed for 'microblaze_0'.
20:01:10 INFO  : Context for processor 'microblaze_0' is selected.
20:01:10 INFO  : The application 'C:/Users/srini/tut5_copy/tut5.sdk/echo_server/Debug/echo_server.elf' is downloaded to processor 'microblaze_0'.
20:01:10 INFO  : ----------------XSDB Script----------------
connect -url tcp:127.0.0.1:3121
targets -set -filter {jtag_cable_name =~ "Digilent Nexys Video 210276723574B" && level==0} -index 0
fpga -file C:/Users/srini/tut5_copy/tut5.sdk/design_1_wrapper_hw_platform_0/design_1_wrapper.bit
configparams mdm-detect-bscan-mask 2
targets -set -nocase -filter {name =~ "microblaze*#0" && bscan=="USER2"  && jtag_cable_name =~ "Digilent Nexys Video 210276723574B"} -index 0
rst -processor
targets -set -nocase -filter {name =~ "microblaze*#0" && bscan=="USER2"  && jtag_cable_name =~ "Digilent Nexys Video 210276723574B"} -index 0
dow C:/Users/srini/tut5_copy/tut5.sdk/echo_server/Debug/echo_server.elf
----------------End of Script----------------

20:01:10 INFO  : Context for processor 'microblaze_0' is selected.
20:01:10 INFO  : 'con' command is executed.
20:01:10 INFO  : ----------------XSDB Script (After Launch)----------------
targets -set -nocase -filter {name =~ "microblaze*#0" && bscan=="USER2"  && jtag_cable_name =~ "Digilent Nexys Video 210276723574B"} -index 0
con
----------------End of Script----------------

20:01:10 INFO  : Disconnected from the channel tcfchan#5.
20:02:30 INFO  : Connected to target on host '127.0.0.1' and port '3121'.
20:02:30 INFO  : Jtag cable 'Digilent Nexys Video 210276723574B' is selected.
20:02:30 INFO  : 'jtag frequency' command is executed.
20:02:30 INFO  : 'targets -set -filter {jtag_cable_name =~ "Digilent Nexys Video 210276723574B" && level==0} -index 0' command is executed.
20:02:35 INFO  : FPGA configured successfully with bitstream "C:/Users/srini/tut5_copy/tut5.sdk/design_1_wrapper_hw_platform_0/design_1_wrapper.bit"
20:02:35 INFO  : 'configparams mdm-detect-bscan-mask 2' command is executed.
20:02:35 INFO  : Context for processor 'microblaze_0' is selected.
20:02:35 INFO  : Processor reset is completed for 'microblaze_0'.
20:02:35 INFO  : Context for processor 'microblaze_0' is selected.
20:02:36 INFO  : The application 'C:/Users/srini/tut5_copy/tut5.sdk/echo_server/Debug/echo_server.elf' is downloaded to processor 'microblaze_0'.
20:02:36 INFO  : ----------------XSDB Script----------------
connect -url tcp:127.0.0.1:3121
targets -set -filter {jtag_cable_name =~ "Digilent Nexys Video 210276723574B" && level==0} -index 0
fpga -file C:/Users/srini/tut5_copy/tut5.sdk/design_1_wrapper_hw_platform_0/design_1_wrapper.bit
configparams mdm-detect-bscan-mask 2
targets -set -nocase -filter {name =~ "microblaze*#0" && bscan=="USER2"  && jtag_cable_name =~ "Digilent Nexys Video 210276723574B"} -index 0
rst -processor
targets -set -nocase -filter {name =~ "microblaze*#0" && bscan=="USER2"  && jtag_cable_name =~ "Digilent Nexys Video 210276723574B"} -index 0
dow C:/Users/srini/tut5_copy/tut5.sdk/echo_server/Debug/echo_server.elf
----------------End of Script----------------

20:02:36 INFO  : Context for processor 'microblaze_0' is selected.
20:02:36 INFO  : 'con' command is executed.
20:02:36 INFO  : ----------------XSDB Script (After Launch)----------------
targets -set -nocase -filter {name =~ "microblaze*#0" && bscan=="USER2"  && jtag_cable_name =~ "Digilent Nexys Video 210276723574B"} -index 0
con
----------------End of Script----------------

20:02:36 INFO  : Disconnected from the channel tcfchan#6.
20:03:11 INFO  : Connected to target on host '127.0.0.1' and port '3121'.
20:03:11 INFO  : Jtag cable 'Digilent Nexys Video 210276723574B' is selected.
20:03:11 INFO  : 'jtag frequency' command is executed.
20:03:11 INFO  : 'targets -set -filter {jtag_cable_name =~ "Digilent Nexys Video 210276723574B" && level==0} -index 0' command is executed.
20:03:17 INFO  : FPGA configured successfully with bitstream "C:/Users/srini/tut5_copy/tut5.sdk/design_1_wrapper_hw_platform_0/design_1_wrapper.bit"
20:03:17 INFO  : 'configparams mdm-detect-bscan-mask 2' command is executed.
20:03:17 INFO  : Context for processor 'microblaze_0' is selected.
20:03:17 INFO  : Processor reset is completed for 'microblaze_0'.
20:03:17 INFO  : Context for processor 'microblaze_0' is selected.
20:03:18 INFO  : The application 'C:/Users/srini/tut5_copy/tut5.sdk/echo_server/Debug/echo_server.elf' is downloaded to processor 'microblaze_0'.
20:03:18 INFO  : ----------------XSDB Script----------------
connect -url tcp:127.0.0.1:3121
targets -set -filter {jtag_cable_name =~ "Digilent Nexys Video 210276723574B" && level==0} -index 0
fpga -file C:/Users/srini/tut5_copy/tut5.sdk/design_1_wrapper_hw_platform_0/design_1_wrapper.bit
configparams mdm-detect-bscan-mask 2
targets -set -nocase -filter {name =~ "microblaze*#0" && bscan=="USER2"  && jtag_cable_name =~ "Digilent Nexys Video 210276723574B"} -index 0
rst -processor
targets -set -nocase -filter {name =~ "microblaze*#0" && bscan=="USER2"  && jtag_cable_name =~ "Digilent Nexys Video 210276723574B"} -index 0
dow C:/Users/srini/tut5_copy/tut5.sdk/echo_server/Debug/echo_server.elf
----------------End of Script----------------

20:03:18 INFO  : Context for processor 'microblaze_0' is selected.
20:03:18 INFO  : 'con' command is executed.
20:03:18 INFO  : ----------------XSDB Script (After Launch)----------------
targets -set -nocase -filter {name =~ "microblaze*#0" && bscan=="USER2"  && jtag_cable_name =~ "Digilent Nexys Video 210276723574B"} -index 0
con
----------------End of Script----------------

20:03:18 INFO  : Disconnected from the channel tcfchan#7.
20:08:41 INFO  : Launching XSCT server: xsct.bat -interactive C:\Users\srini\tut5_copy\tut5.sdk\temp_xsdb_launch_script.tcl
20:08:42 INFO  : XSCT server has started successfully.
20:08:42 INFO  : Successfully done setting XSCT server connection channel  
20:08:42 INFO  : Successfully done setting SDK workspace  
20:08:46 INFO  : Registering command handlers for SDK TCF services
20:08:46 INFO  : Processing command line option -hwspec C:/Users/srini/tut5_copy/tut5.sdk/design_1_wrapper.hdf.
20:08:47 INFO  : Checking for hwspec changes in the project design_1_wrapper_hw_platform_3.
20:16:11 INFO  : Refreshed build settings on project echo_server
20:20:45 INFO  : Connected to target on host '127.0.0.1' and port '3121'.
20:20:45 INFO  : Jtag cable 'Digilent Nexys Video 210276723574B' is selected.
20:20:45 INFO  : 'jtag frequency' command is executed.
20:20:45 INFO  : 'targets -set -filter {jtag_cable_name =~ "Digilent Nexys Video 210276723574B" && level==0} -index 0' command is executed.
20:20:52 INFO  : FPGA configured successfully with bitstream "C:/Users/srini/tut5_copy/tut5.sdk/design_1_wrapper_hw_platform_3/design_1_wrapper.bit"
20:20:52 INFO  : 'configparams mdm-detect-bscan-mask 2' command is executed.
20:20:52 INFO  : ----------------XSDB Script----------------
connect -url tcp:127.0.0.1:3121
targets -set -filter {jtag_cable_name =~ "Digilent Nexys Video 210276723574B" && level==0} -index 0
fpga -file C:/Users/srini/tut5_copy/tut5.sdk/design_1_wrapper_hw_platform_3/design_1_wrapper.bit
configparams mdm-detect-bscan-mask 2
----------------End of Script----------------

20:20:52 INFO  : Disconnected from the channel tcfchan#1.
20:21:42 INFO  : Connected to target on host '127.0.0.1' and port '3121'.
20:21:42 INFO  : Jtag cable 'Digilent Nexys Video 210276723574B' is selected.
20:21:43 INFO  : 'jtag frequency' command is executed.
20:21:43 INFO  : 'targets -set -filter {jtag_cable_name =~ "Digilent Nexys Video 210276723574B" && level==0} -index 0' command is executed.
20:21:50 INFO  : FPGA configured successfully with bitstream "C:/Users/srini/tut5_copy/tut5.sdk/design_1_wrapper_hw_platform_3/design_1_wrapper.bit"
20:21:50 INFO  : 'configparams mdm-detect-bscan-mask 2' command is executed.
20:21:50 INFO  : ----------------XSDB Script----------------
connect -url tcp:127.0.0.1:3121
targets -set -filter {jtag_cable_name =~ "Digilent Nexys Video 210276723574B" && level==0} -index 0
fpga -file C:/Users/srini/tut5_copy/tut5.sdk/design_1_wrapper_hw_platform_3/design_1_wrapper.bit
configparams mdm-detect-bscan-mask 2
----------------End of Script----------------

20:21:50 INFO  : Disconnected from the channel tcfchan#2.
20:36:34 INFO  : Registering command handlers for SDK TCF services
20:36:34 INFO  : Launching XSCT server: xsct.bat -interactive C:\Users\srini\tut5_copy\tut5.sdk\temp_xsdb_launch_script.tcl
20:36:37 INFO  : XSCT server has started successfully.
20:36:37 INFO  : Successfully done setting XSCT server connection channel  
20:36:43 INFO  : Successfully done setting SDK workspace  
20:36:43 INFO  : Processing command line option -hwspec C:/Users/srini/tut5_copy/tut5.sdk/design_1_wrapper.hdf.
20:36:43 INFO  : Checking for hwspec changes in the project design_1_wrapper_hw_platform_3.
20:36:46 INFO  : SDK has detected change in the last modified timestamps for source hardware specification file Source:1737855301832,  Project:1737852684871
20:36:46 INFO  : The hardware specification for project 'design_1_wrapper_hw_platform_3' is different from C:/Users/srini/tut5_copy/tut5.sdk/design_1_wrapper.hdf.
20:36:46 INFO  : Copied contents of C:/Users/srini/tut5_copy/tut5.sdk/design_1_wrapper.hdf into \design_1_wrapper_hw_platform_3\system.hdf.
20:36:47 INFO  : Synchronizing projects in the workspace with the hardware platform specification changes.
20:36:47 INFO  : Clearing existing target manager status.
20:36:47 INFO  : Workspace synchronized with the new hardware specification file. Cleaning dependent projects...
20:36:47 WARN  : Linker script will not be updated automatically. Users need to update it manually.
20:38:42 INFO  : Refreshed build settings on project echo_server
20:39:05 INFO  : Connected to target on host '127.0.0.1' and port '3121'.
20:39:05 INFO  : Jtag cable 'Digilent Nexys Video 210276723574B' is selected.
20:39:05 INFO  : 'jtag frequency' command is executed.
20:39:05 INFO  : 'targets -set -filter {jtag_cable_name =~ "Digilent Nexys Video 210276723574B" && level==0} -index 0' command is executed.
20:39:10 INFO  : FPGA configured successfully with bitstream "C:/Users/srini/tut5_copy/tut5.sdk/design_1_wrapper_hw_platform_3/design_1_wrapper.bit"
20:39:10 INFO  : 'configparams mdm-detect-bscan-mask 2' command is executed.
20:39:10 INFO  : ----------------XSDB Script----------------
connect -url tcp:127.0.0.1:3121
targets -set -filter {jtag_cable_name =~ "Digilent Nexys Video 210276723574B" && level==0} -index 0
fpga -file C:/Users/srini/tut5_copy/tut5.sdk/design_1_wrapper_hw_platform_3/design_1_wrapper.bit
configparams mdm-detect-bscan-mask 2
----------------End of Script----------------

20:39:10 INFO  : Disconnected from the channel tcfchan#1.
20:42:53 INFO  : 'targets -set -filter {jtag_cable_name =~ "Digilent Nexys Video 210276723574B" && level==0} -index 0' command is executed.
20:42:53 INFO  : 'fpga -state' command is executed.
20:42:53 INFO  : Connected to target on host '127.0.0.1' and port '3121'.
20:42:53 INFO  : Jtag cable 'Digilent Nexys Video 210276723574B' is selected.
20:42:53 INFO  : 'jtag frequency' command is executed.
20:42:53 INFO  : 'configparams mdm-detect-bscan-mask 2' command is executed.
20:42:53 INFO  : Context for processor 'microblaze_0' is selected.
20:42:53 INFO  : Processor reset is completed for 'microblaze_0'.
20:42:53 INFO  : Context for processor 'microblaze_0' is selected.
20:42:54 INFO  : The application 'C:/Users/srini/tut5_copy/tut5.sdk/echo_server/Debug/echo_server.elf' is downloaded to processor 'microblaze_0'.
20:42:54 INFO  : ----------------XSDB Script----------------
connect -url tcp:127.0.0.1:3121
configparams mdm-detect-bscan-mask 2
targets -set -nocase -filter {name =~ "microblaze*#0" && bscan=="USER2"  && jtag_cable_name =~ "Digilent Nexys Video 210276723574B"} -index 0
rst -processor
targets -set -nocase -filter {name =~ "microblaze*#0" && bscan=="USER2"  && jtag_cable_name =~ "Digilent Nexys Video 210276723574B"} -index 0
dow C:/Users/srini/tut5_copy/tut5.sdk/echo_server/Debug/echo_server.elf
----------------End of Script----------------

20:42:54 INFO  : Context for processor 'microblaze_0' is selected.
20:42:54 INFO  : 'con' command is executed.
20:42:54 INFO  : ----------------XSDB Script (After Launch)----------------
targets -set -nocase -filter {name =~ "microblaze*#0" && bscan=="USER2"  && jtag_cable_name =~ "Digilent Nexys Video 210276723574B"} -index 0
con
----------------End of Script----------------

20:42:54 INFO  : Disconnected from the channel tcfchan#2.
20:48:16 INFO  : 'targets -set -filter {jtag_cable_name =~ "Digilent Nexys Video 210276723574B" && level==0} -index 0' command is executed.
20:48:16 INFO  : 'fpga -state' command is executed.
20:48:16 INFO  : Connected to target on host '127.0.0.1' and port '3121'.
20:48:16 INFO  : Jtag cable 'Digilent Nexys Video 210276723574B' is selected.
20:48:16 INFO  : 'jtag frequency' command is executed.
20:48:16 INFO  : 'configparams mdm-detect-bscan-mask 2' command is executed.
20:48:16 INFO  : Context for processor 'microblaze_0' is selected.
20:48:16 INFO  : Processor reset is completed for 'microblaze_0'.
20:48:16 INFO  : Context for processor 'microblaze_0' is selected.
20:48:17 INFO  : The application 'C:/Users/srini/tut5_copy/tut5.sdk/echo_server/Debug/echo_server.elf' is downloaded to processor 'microblaze_0'.
20:48:17 INFO  : ----------------XSDB Script----------------
connect -url tcp:127.0.0.1:3121
configparams mdm-detect-bscan-mask 2
targets -set -nocase -filter {name =~ "microblaze*#0" && bscan=="USER2"  && jtag_cable_name =~ "Digilent Nexys Video 210276723574B"} -index 0
rst -processor
targets -set -nocase -filter {name =~ "microblaze*#0" && bscan=="USER2"  && jtag_cable_name =~ "Digilent Nexys Video 210276723574B"} -index 0
dow C:/Users/srini/tut5_copy/tut5.sdk/echo_server/Debug/echo_server.elf
----------------End of Script----------------

20:48:17 INFO  : Context for processor 'microblaze_0' is selected.
20:48:17 INFO  : 'con' command is executed.
20:48:17 INFO  : ----------------XSDB Script (After Launch)----------------
targets -set -nocase -filter {name =~ "microblaze*#0" && bscan=="USER2"  && jtag_cable_name =~ "Digilent Nexys Video 210276723574B"} -index 0
con
----------------End of Script----------------

20:48:17 INFO  : Disconnected from the channel tcfchan#3.
20:55:21 INFO  : 'targets -set -filter {jtag_cable_name =~ "Digilent Nexys Video 210276723574B" && level==0} -index 0' command is executed.
20:55:21 INFO  : 'fpga -state' command is executed.
20:55:21 INFO  : Connected to target on host '127.0.0.1' and port '3121'.
20:55:21 INFO  : Jtag cable 'Digilent Nexys Video 210276723574B' is selected.
20:55:21 INFO  : 'jtag frequency' command is executed.
20:55:21 INFO  : 'configparams mdm-detect-bscan-mask 2' command is executed.
20:55:22 INFO  : Context for processor 'microblaze_0' is selected.
20:55:22 INFO  : Processor reset is completed for 'microblaze_0'.
20:55:22 INFO  : Context for processor 'microblaze_0' is selected.
20:55:22 INFO  : The application 'C:/Users/srini/tut5_copy/tut5.sdk/echo_server/Debug/echo_server.elf' is downloaded to processor 'microblaze_0'.
20:55:22 INFO  : ----------------XSDB Script----------------
connect -url tcp:127.0.0.1:3121
configparams mdm-detect-bscan-mask 2
targets -set -nocase -filter {name =~ "microblaze*#0" && bscan=="USER2"  && jtag_cable_name =~ "Digilent Nexys Video 210276723574B"} -index 0
rst -processor
targets -set -nocase -filter {name =~ "microblaze*#0" && bscan=="USER2"  && jtag_cable_name =~ "Digilent Nexys Video 210276723574B"} -index 0
dow C:/Users/srini/tut5_copy/tut5.sdk/echo_server/Debug/echo_server.elf
----------------End of Script----------------

20:55:22 INFO  : Context for processor 'microblaze_0' is selected.
20:55:22 INFO  : 'con' command is executed.
20:55:22 INFO  : ----------------XSDB Script (After Launch)----------------
targets -set -nocase -filter {name =~ "microblaze*#0" && bscan=="USER2"  && jtag_cable_name =~ "Digilent Nexys Video 210276723574B"} -index 0
con
----------------End of Script----------------

20:55:22 INFO  : Disconnected from the channel tcfchan#4.
20:56:28 INFO  : 'targets -set -filter {jtag_cable_name =~ "Digilent Nexys Video 210276723574B" && level==0} -index 0' command is executed.
20:56:28 INFO  : 'fpga -state' command is executed.
20:56:28 INFO  : Connected to target on host '127.0.0.1' and port '3121'.
20:56:28 INFO  : Jtag cable 'Digilent Nexys Video 210276723574B' is selected.
20:56:28 INFO  : 'jtag frequency' command is executed.
20:56:28 INFO  : 'configparams mdm-detect-bscan-mask 2' command is executed.
20:56:29 INFO  : Context for processor 'microblaze_0' is selected.
20:56:29 INFO  : Processor reset is completed for 'microblaze_0'.
20:56:29 INFO  : Context for processor 'microblaze_0' is selected.
20:56:29 INFO  : The application 'C:/Users/srini/tut5_copy/tut5.sdk/echo_server/Debug/echo_server.elf' is downloaded to processor 'microblaze_0'.
20:56:29 INFO  : ----------------XSDB Script----------------
connect -url tcp:127.0.0.1:3121
configparams mdm-detect-bscan-mask 2
targets -set -nocase -filter {name =~ "microblaze*#0" && bscan=="USER2"  && jtag_cable_name =~ "Digilent Nexys Video 210276723574B"} -index 0
rst -processor
targets -set -nocase -filter {name =~ "microblaze*#0" && bscan=="USER2"  && jtag_cable_name =~ "Digilent Nexys Video 210276723574B"} -index 0
dow C:/Users/srini/tut5_copy/tut5.sdk/echo_server/Debug/echo_server.elf
----------------End of Script----------------

20:56:29 INFO  : Context for processor 'microblaze_0' is selected.
20:56:30 INFO  : 'con' command is executed.
20:56:30 INFO  : ----------------XSDB Script (After Launch)----------------
targets -set -nocase -filter {name =~ "microblaze*#0" && bscan=="USER2"  && jtag_cable_name =~ "Digilent Nexys Video 210276723574B"} -index 0
con
----------------End of Script----------------

20:56:30 INFO  : Disconnected from the channel tcfchan#5.
